{"/Users/danieletomasi/projects/intervals/test.js":{"path":"/Users/danieletomasi/projects/intervals/test.js","s":{"1":1,"2":1,"3":1,"4":1,"5":1,"6":1,"7":1,"8":1,"9":1,"10":1,"11":1,"12":1,"13":1,"14":1,"15":1,"16":1,"17":1,"18":1,"19":1,"20":1,"21":1,"22":1,"23":1,"24":1,"25":1,"26":1,"27":1,"28":1,"29":1,"30":1,"31":1,"32":1,"33":1,"34":1,"35":1,"36":1,"37":1,"38":1,"39":1,"40":1,"41":1,"42":1,"43":1,"44":1,"45":1,"46":1,"47":1,"48":1,"49":1,"50":1,"51":1,"52":1,"53":1,"54":1,"55":1,"56":1,"57":1,"58":1,"59":1,"60":1,"61":1,"62":1,"63":1,"64":1,"65":1,"66":1,"67":1,"68":1,"69":1,"70":1,"71":1,"72":1,"73":1,"74":1,"75":1,"76":1,"77":1,"78":1,"79":1,"80":1,"81":1,"82":1,"83":1,"84":1,"85":1,"86":1,"87":1,"88":1,"89":1,"90":1,"91":1,"92":1,"93":1,"94":1,"95":1,"96":1,"97":1,"98":1,"99":1,"100":1,"101":1,"102":1,"103":1,"104":1,"105":1,"106":1,"107":1,"108":1,"109":1,"110":1,"111":1,"112":1,"113":1,"114":1,"115":1,"116":1,"117":1,"118":1,"119":1,"120":1,"121":1,"122":1,"123":1,"124":1,"125":1,"126":1,"127":1,"128":1,"129":1,"130":1,"131":1,"132":1,"133":1,"134":1,"135":1,"136":1,"137":1,"138":1,"139":1,"140":1,"141":1,"142":1,"143":1,"144":1,"145":1,"146":1,"147":1,"148":1,"149":1,"150":1,"151":1,"152":1,"153":1,"154":1,"155":1,"156":1,"157":1,"158":1,"159":1,"160":1,"161":1,"162":1,"163":1,"164":1,"165":1,"166":1,"167":1,"168":1,"169":1,"170":1,"171":1,"172":1,"173":1,"174":1,"175":1,"176":1,"177":1,"178":1,"179":1,"180":1,"181":1,"182":1,"183":1,"184":1,"185":1,"186":1,"187":1,"188":1,"189":1,"190":1,"191":1,"192":1,"193":1,"194":1,"195":1,"196":1,"197":1,"198":1,"199":1,"200":1,"201":1,"202":1,"203":1,"204":1,"205":1,"206":1,"207":1,"208":1,"209":1,"210":1,"211":1,"212":1,"213":1,"214":1,"215":1,"216":1,"217":1,"218":1,"219":1,"220":1,"221":1,"222":1,"223":1,"224":1,"225":1,"226":1,"227":1,"228":1,"229":1,"230":1,"231":1,"232":1,"233":1,"234":1,"235":1,"236":1,"237":1,"238":1,"239":1,"240":1,"241":1,"242":1,"243":1,"244":1,"245":1,"246":1,"247":1,"248":1,"249":1,"250":1,"251":1,"252":1,"253":1,"254":1,"255":1,"256":1,"257":1,"258":1,"259":1,"260":1,"261":1,"262":1,"263":1,"264":1,"265":1,"266":1,"267":1,"268":1,"269":1,"270":1,"271":1,"272":1,"273":1,"274":1,"275":1,"276":1,"277":1,"278":1,"279":1,"280":1,"281":1,"282":1,"283":1,"284":1,"285":1,"286":1,"287":1,"288":1,"289":1,"290":1,"291":1,"292":1,"293":1,"294":1,"295":1,"296":1,"297":1,"298":1,"299":1,"300":1,"301":1,"302":1,"303":1,"304":1,"305":1,"306":1,"307":1,"308":1,"309":1,"310":1,"311":1,"312":1,"313":1,"314":1,"315":1,"316":1,"317":1,"318":1,"319":1,"320":1,"321":1,"322":1,"323":1,"324":1,"325":1,"326":1,"327":1,"328":1,"329":1,"330":1,"331":1,"332":1,"333":1,"334":1,"335":1,"336":1,"337":1,"338":1,"339":1,"340":1,"341":1,"342":1,"343":1,"344":1,"345":1,"346":1,"347":1,"348":1,"349":1,"350":1,"351":1,"352":1,"353":1,"354":1,"355":1,"356":1,"357":1,"358":1,"359":1,"360":1,"361":1,"362":1,"363":1,"364":1,"365":1,"366":1,"367":1,"368":1,"369":1,"370":1,"371":1,"372":1,"373":1,"374":1,"375":1,"376":1,"377":1,"378":1,"379":1,"380":1,"381":1,"382":1,"383":1,"384":1,"385":1,"386":1,"387":1,"388":1,"389":1,"390":1,"391":1,"392":1,"393":1,"394":1,"395":1,"396":1,"397":1,"398":1,"399":1,"400":1},"b":{},"f":{"1":1,"2":1,"3":1,"4":1,"5":1,"6":1,"7":1,"8":1,"9":1,"10":1,"11":1,"12":1,"13":1,"14":1,"15":1,"16":1,"17":1,"18":1,"19":1,"20":1,"21":1,"22":1,"23":1,"24":1,"25":1,"26":1,"27":1,"28":1,"29":1,"30":1,"31":1,"32":1,"33":1,"34":1,"35":1,"36":1,"37":1,"38":1,"39":1,"40":1,"41":1,"42":1,"43":1,"44":1,"45":1,"46":1,"47":1,"48":1,"49":1,"50":1,"51":1,"52":1,"53":1,"54":1,"55":1,"56":1,"57":1,"58":1,"59":1,"60":1,"61":1,"62":1,"63":1,"64":1,"65":1,"66":1,"67":1,"68":1},"fnMap":{"1":{"name":"(anonymous_1)","line":6,"loc":{"start":{"line":6,"column":27},"end":{"line":6,"column":38}}},"2":{"name":"(anonymous_2)","line":9,"loc":{"start":{"line":9,"column":39},"end":{"line":9,"column":50}}},"3":{"name":"(anonymous_3)","line":20,"loc":{"start":{"line":20,"column":39},"end":{"line":20,"column":50}}},"4":{"name":"(anonymous_4)","line":31,"loc":{"start":{"line":31,"column":39},"end":{"line":31,"column":50}}},"5":{"name":"(anonymous_5)","line":40,"loc":{"start":{"line":40,"column":39},"end":{"line":40,"column":50}}},"6":{"name":"(anonymous_6)","line":49,"loc":{"start":{"line":49,"column":39},"end":{"line":49,"column":50}}},"7":{"name":"(anonymous_7)","line":59,"loc":{"start":{"line":59,"column":39},"end":{"line":59,"column":50}}},"8":{"name":"(anonymous_8)","line":68,"loc":{"start":{"line":68,"column":39},"end":{"line":68,"column":50}}},"9":{"name":"(anonymous_9)","line":77,"loc":{"start":{"line":77,"column":39},"end":{"line":77,"column":50}}},"10":{"name":"(anonymous_10)","line":86,"loc":{"start":{"line":86,"column":39},"end":{"line":86,"column":50}}},"11":{"name":"(anonymous_11)","line":95,"loc":{"start":{"line":95,"column":39},"end":{"line":95,"column":50}}},"12":{"name":"(anonymous_12)","line":104,"loc":{"start":{"line":104,"column":39},"end":{"line":104,"column":50}}},"13":{"name":"(anonymous_13)","line":113,"loc":{"start":{"line":113,"column":39},"end":{"line":113,"column":50}}},"14":{"name":"(anonymous_14)","line":122,"loc":{"start":{"line":122,"column":39},"end":{"line":122,"column":50}}},"15":{"name":"(anonymous_15)","line":131,"loc":{"start":{"line":131,"column":39},"end":{"line":131,"column":50}}},"16":{"name":"(anonymous_16)","line":140,"loc":{"start":{"line":140,"column":39},"end":{"line":140,"column":50}}},"17":{"name":"(anonymous_17)","line":149,"loc":{"start":{"line":149,"column":39},"end":{"line":149,"column":50}}},"18":{"name":"(anonymous_18)","line":158,"loc":{"start":{"line":158,"column":39},"end":{"line":158,"column":50}}},"19":{"name":"(anonymous_19)","line":167,"loc":{"start":{"line":167,"column":39},"end":{"line":167,"column":50}}},"20":{"name":"(anonymous_20)","line":176,"loc":{"start":{"line":176,"column":39},"end":{"line":176,"column":50}}},"21":{"name":"(anonymous_21)","line":185,"loc":{"start":{"line":185,"column":39},"end":{"line":185,"column":50}}},"22":{"name":"(anonymous_22)","line":194,"loc":{"start":{"line":194,"column":39},"end":{"line":194,"column":50}}},"23":{"name":"(anonymous_23)","line":204,"loc":{"start":{"line":204,"column":39},"end":{"line":204,"column":50}}},"24":{"name":"(anonymous_24)","line":213,"loc":{"start":{"line":213,"column":39},"end":{"line":213,"column":50}}},"25":{"name":"(anonymous_25)","line":222,"loc":{"start":{"line":222,"column":39},"end":{"line":222,"column":50}}},"26":{"name":"(anonymous_26)","line":231,"loc":{"start":{"line":231,"column":45},"end":{"line":231,"column":56}}},"27":{"name":"(anonymous_27)","line":240,"loc":{"start":{"line":240,"column":45},"end":{"line":240,"column":56}}},"28":{"name":"(anonymous_28)","line":249,"loc":{"start":{"line":249,"column":45},"end":{"line":249,"column":56}}},"29":{"name":"(anonymous_29)","line":258,"loc":{"start":{"line":258,"column":45},"end":{"line":258,"column":56}}},"30":{"name":"(anonymous_30)","line":267,"loc":{"start":{"line":267,"column":45},"end":{"line":267,"column":56}}},"31":{"name":"(anonymous_31)","line":276,"loc":{"start":{"line":276,"column":46},"end":{"line":276,"column":57}}},"32":{"name":"(anonymous_32)","line":286,"loc":{"start":{"line":286,"column":46},"end":{"line":286,"column":57}}},"33":{"name":"(anonymous_33)","line":295,"loc":{"start":{"line":295,"column":46},"end":{"line":295,"column":57}}},"34":{"name":"(anonymous_34)","line":304,"loc":{"start":{"line":304,"column":46},"end":{"line":304,"column":57}}},"35":{"name":"(anonymous_35)","line":319,"loc":{"start":{"line":319,"column":19},"end":{"line":319,"column":30}}},"36":{"name":"(anonymous_36)","line":321,"loc":{"start":{"line":321,"column":39},"end":{"line":321,"column":50}}},"37":{"name":"(anonymous_37)","line":330,"loc":{"start":{"line":330,"column":39},"end":{"line":330,"column":50}}},"38":{"name":"(anonymous_38)","line":339,"loc":{"start":{"line":339,"column":39},"end":{"line":339,"column":50}}},"39":{"name":"(anonymous_39)","line":348,"loc":{"start":{"line":348,"column":39},"end":{"line":348,"column":50}}},"40":{"name":"(anonymous_40)","line":357,"loc":{"start":{"line":357,"column":39},"end":{"line":357,"column":50}}},"41":{"name":"(anonymous_41)","line":366,"loc":{"start":{"line":366,"column":39},"end":{"line":366,"column":50}}},"42":{"name":"(anonymous_42)","line":375,"loc":{"start":{"line":375,"column":39},"end":{"line":375,"column":50}}},"43":{"name":"(anonymous_43)","line":385,"loc":{"start":{"line":385,"column":39},"end":{"line":385,"column":50}}},"44":{"name":"(anonymous_44)","line":397,"loc":{"start":{"line":397,"column":39},"end":{"line":397,"column":50}}},"45":{"name":"(anonymous_45)","line":407,"loc":{"start":{"line":407,"column":39},"end":{"line":407,"column":50}}},"46":{"name":"(anonymous_46)","line":416,"loc":{"start":{"line":416,"column":39},"end":{"line":416,"column":50}}},"47":{"name":"(anonymous_47)","line":425,"loc":{"start":{"line":425,"column":39},"end":{"line":425,"column":50}}},"48":{"name":"(anonymous_48)","line":434,"loc":{"start":{"line":434,"column":39},"end":{"line":434,"column":50}}},"49":{"name":"(anonymous_49)","line":443,"loc":{"start":{"line":443,"column":39},"end":{"line":443,"column":50}}},"50":{"name":"(anonymous_50)","line":454,"loc":{"start":{"line":454,"column":39},"end":{"line":454,"column":50}}},"51":{"name":"(anonymous_51)","line":464,"loc":{"start":{"line":464,"column":39},"end":{"line":464,"column":50}}},"52":{"name":"(anonymous_52)","line":474,"loc":{"start":{"line":474,"column":39},"end":{"line":474,"column":50}}},"53":{"name":"(anonymous_53)","line":484,"loc":{"start":{"line":484,"column":43},"end":{"line":484,"column":54}}},"54":{"name":"(anonymous_54)","line":494,"loc":{"start":{"line":494,"column":43},"end":{"line":494,"column":54}}},"55":{"name":"(anonymous_55)","line":503,"loc":{"start":{"line":503,"column":39},"end":{"line":503,"column":50}}},"56":{"name":"(anonymous_56)","line":512,"loc":{"start":{"line":512,"column":39},"end":{"line":512,"column":50}}},"57":{"name":"(anonymous_57)","line":521,"loc":{"start":{"line":521,"column":39},"end":{"line":521,"column":50}}},"58":{"name":"(anonymous_58)","line":530,"loc":{"start":{"line":530,"column":39},"end":{"line":530,"column":50}}},"59":{"name":"(anonymous_59)","line":539,"loc":{"start":{"line":539,"column":39},"end":{"line":539,"column":50}}},"60":{"name":"(anonymous_60)","line":548,"loc":{"start":{"line":548,"column":39},"end":{"line":548,"column":50}}},"61":{"name":"(anonymous_61)","line":557,"loc":{"start":{"line":557,"column":39},"end":{"line":557,"column":50}}},"62":{"name":"(anonymous_62)","line":566,"loc":{"start":{"line":566,"column":39},"end":{"line":566,"column":50}}},"63":{"name":"(anonymous_63)","line":575,"loc":{"start":{"line":575,"column":39},"end":{"line":575,"column":50}}},"64":{"name":"(anonymous_64)","line":584,"loc":{"start":{"line":584,"column":39},"end":{"line":584,"column":50}}},"65":{"name":"(anonymous_65)","line":593,"loc":{"start":{"line":593,"column":39},"end":{"line":593,"column":50}}},"66":{"name":"(anonymous_66)","line":602,"loc":{"start":{"line":602,"column":39},"end":{"line":602,"column":50}}},"67":{"name":"(anonymous_67)","line":611,"loc":{"start":{"line":611,"column":39},"end":{"line":611,"column":50}}},"68":{"name":"(anonymous_68)","line":620,"loc":{"start":{"line":620,"column":39},"end":{"line":620,"column":50}}}},"statementMap":{"1":{"start":{"line":1,"column":0},"end":{"line":1,"column":31}},"2":{"start":{"line":2,"column":0},"end":{"line":2,"column":37}},"3":{"start":{"line":6,"column":0},"end":{"line":316,"column":3}},"4":{"start":{"line":9,"column":1},"end":{"line":17,"column":4}},"5":{"start":{"line":10,"column":2},"end":{"line":10,"column":35}},"6":{"start":{"line":11,"column":2},"end":{"line":11,"column":27}},"7":{"start":{"line":12,"column":2},"end":{"line":12,"column":46}},"8":{"start":{"line":14,"column":2},"end":{"line":14,"column":60}},"9":{"start":{"line":15,"column":2},"end":{"line":15,"column":48}},"10":{"start":{"line":20,"column":1},"end":{"line":29,"column":4}},"11":{"start":{"line":21,"column":2},"end":{"line":21,"column":35}},"12":{"start":{"line":22,"column":2},"end":{"line":22,"column":28}},"13":{"start":{"line":24,"column":2},"end":{"line":24,"column":46}},"14":{"start":{"line":26,"column":2},"end":{"line":26,"column":45}},"15":{"start":{"line":27,"column":2},"end":{"line":27,"column":49}},"16":{"start":{"line":31,"column":1},"end":{"line":38,"column":4}},"17":{"start":{"line":32,"column":2},"end":{"line":32,"column":35}},"18":{"start":{"line":33,"column":2},"end":{"line":33,"column":30}},"19":{"start":{"line":34,"column":2},"end":{"line":34,"column":46}},"20":{"start":{"line":36,"column":2},"end":{"line":36,"column":64}},"21":{"start":{"line":37,"column":2},"end":{"line":37,"column":51}},"22":{"start":{"line":40,"column":1},"end":{"line":47,"column":4}},"23":{"start":{"line":41,"column":2},"end":{"line":41,"column":46}},"24":{"start":{"line":42,"column":2},"end":{"line":42,"column":29}},"25":{"start":{"line":43,"column":2},"end":{"line":43,"column":46}},"26":{"start":{"line":45,"column":2},"end":{"line":45,"column":65}},"27":{"start":{"line":46,"column":2},"end":{"line":46,"column":42}},"28":{"start":{"line":49,"column":1},"end":{"line":56,"column":4}},"29":{"start":{"line":50,"column":2},"end":{"line":50,"column":46}},"30":{"start":{"line":51,"column":2},"end":{"line":51,"column":30}},"31":{"start":{"line":52,"column":2},"end":{"line":52,"column":46}},"32":{"start":{"line":54,"column":2},"end":{"line":54,"column":65}},"33":{"start":{"line":55,"column":2},"end":{"line":55,"column":51}},"34":{"start":{"line":59,"column":1},"end":{"line":66,"column":4}},"35":{"start":{"line":60,"column":2},"end":{"line":60,"column":26}},"36":{"start":{"line":61,"column":2},"end":{"line":61,"column":27}},"37":{"start":{"line":62,"column":2},"end":{"line":62,"column":46}},"38":{"start":{"line":64,"column":2},"end":{"line":64,"column":51}},"39":{"start":{"line":65,"column":2},"end":{"line":65,"column":48}},"40":{"start":{"line":68,"column":1},"end":{"line":75,"column":4}},"41":{"start":{"line":69,"column":2},"end":{"line":69,"column":34}},"42":{"start":{"line":70,"column":2},"end":{"line":70,"column":27}},"43":{"start":{"line":71,"column":2},"end":{"line":71,"column":46}},"44":{"start":{"line":73,"column":2},"end":{"line":73,"column":51}},"45":{"start":{"line":74,"column":2},"end":{"line":74,"column":48}},"46":{"start":{"line":77,"column":1},"end":{"line":84,"column":4}},"47":{"start":{"line":78,"column":2},"end":{"line":78,"column":34}},"48":{"start":{"line":79,"column":2},"end":{"line":79,"column":27}},"49":{"start":{"line":80,"column":2},"end":{"line":80,"column":46}},"50":{"start":{"line":82,"column":2},"end":{"line":82,"column":51}},"51":{"start":{"line":83,"column":2},"end":{"line":83,"column":48}},"52":{"start":{"line":86,"column":1},"end":{"line":93,"column":4}},"53":{"start":{"line":87,"column":2},"end":{"line":87,"column":34}},"54":{"start":{"line":88,"column":2},"end":{"line":88,"column":27}},"55":{"start":{"line":89,"column":2},"end":{"line":89,"column":46}},"56":{"start":{"line":91,"column":2},"end":{"line":91,"column":51}},"57":{"start":{"line":92,"column":2},"end":{"line":92,"column":55}},"58":{"start":{"line":95,"column":1},"end":{"line":102,"column":4}},"59":{"start":{"line":96,"column":2},"end":{"line":96,"column":43}},"60":{"start":{"line":97,"column":2},"end":{"line":97,"column":29}},"61":{"start":{"line":98,"column":2},"end":{"line":98,"column":46}},"62":{"start":{"line":100,"column":2},"end":{"line":100,"column":62}},"63":{"start":{"line":101,"column":2},"end":{"line":101,"column":50}},"64":{"start":{"line":104,"column":1},"end":{"line":111,"column":4}},"65":{"start":{"line":105,"column":2},"end":{"line":105,"column":43}},"66":{"start":{"line":106,"column":2},"end":{"line":106,"column":29}},"67":{"start":{"line":107,"column":2},"end":{"line":107,"column":46}},"68":{"start":{"line":109,"column":2},"end":{"line":109,"column":62}},"69":{"start":{"line":110,"column":2},"end":{"line":110,"column":50}},"70":{"start":{"line":113,"column":1},"end":{"line":120,"column":4}},"71":{"start":{"line":114,"column":2},"end":{"line":114,"column":43}},"72":{"start":{"line":115,"column":2},"end":{"line":115,"column":29}},"73":{"start":{"line":116,"column":2},"end":{"line":116,"column":46}},"74":{"start":{"line":118,"column":2},"end":{"line":118,"column":62}},"75":{"start":{"line":119,"column":2},"end":{"line":119,"column":50}},"76":{"start":{"line":122,"column":1},"end":{"line":129,"column":4}},"77":{"start":{"line":123,"column":2},"end":{"line":123,"column":43}},"78":{"start":{"line":124,"column":2},"end":{"line":124,"column":29}},"79":{"start":{"line":125,"column":2},"end":{"line":125,"column":46}},"80":{"start":{"line":127,"column":2},"end":{"line":127,"column":62}},"81":{"start":{"line":128,"column":2},"end":{"line":128,"column":42}},"82":{"start":{"line":131,"column":1},"end":{"line":138,"column":4}},"83":{"start":{"line":132,"column":2},"end":{"line":132,"column":52}},"84":{"start":{"line":133,"column":2},"end":{"line":133,"column":29}},"85":{"start":{"line":134,"column":2},"end":{"line":134,"column":46}},"86":{"start":{"line":136,"column":2},"end":{"line":136,"column":71}},"87":{"start":{"line":137,"column":2},"end":{"line":137,"column":50}},"88":{"start":{"line":140,"column":1},"end":{"line":147,"column":4}},"89":{"start":{"line":141,"column":2},"end":{"line":141,"column":52}},"90":{"start":{"line":142,"column":2},"end":{"line":142,"column":29}},"91":{"start":{"line":143,"column":2},"end":{"line":143,"column":46}},"92":{"start":{"line":145,"column":2},"end":{"line":145,"column":71}},"93":{"start":{"line":146,"column":2},"end":{"line":146,"column":60}},"94":{"start":{"line":149,"column":1},"end":{"line":156,"column":4}},"95":{"start":{"line":150,"column":2},"end":{"line":150,"column":52}},"96":{"start":{"line":151,"column":2},"end":{"line":151,"column":29}},"97":{"start":{"line":152,"column":2},"end":{"line":152,"column":46}},"98":{"start":{"line":154,"column":2},"end":{"line":154,"column":71}},"99":{"start":{"line":155,"column":2},"end":{"line":155,"column":60}},"100":{"start":{"line":158,"column":1},"end":{"line":165,"column":4}},"101":{"start":{"line":159,"column":2},"end":{"line":159,"column":52}},"102":{"start":{"line":160,"column":2},"end":{"line":160,"column":29}},"103":{"start":{"line":161,"column":2},"end":{"line":161,"column":46}},"104":{"start":{"line":163,"column":2},"end":{"line":163,"column":71}},"105":{"start":{"line":164,"column":2},"end":{"line":164,"column":60}},"106":{"start":{"line":167,"column":1},"end":{"line":174,"column":4}},"107":{"start":{"line":168,"column":2},"end":{"line":168,"column":52}},"108":{"start":{"line":169,"column":2},"end":{"line":169,"column":28}},"109":{"start":{"line":170,"column":2},"end":{"line":170,"column":46}},"110":{"start":{"line":172,"column":2},"end":{"line":172,"column":62}},"111":{"start":{"line":173,"column":2},"end":{"line":173,"column":59}},"112":{"start":{"line":176,"column":1},"end":{"line":183,"column":4}},"113":{"start":{"line":177,"column":2},"end":{"line":177,"column":52}},"114":{"start":{"line":178,"column":2},"end":{"line":178,"column":28}},"115":{"start":{"line":179,"column":2},"end":{"line":179,"column":46}},"116":{"start":{"line":181,"column":2},"end":{"line":181,"column":62}},"117":{"start":{"line":182,"column":2},"end":{"line":182,"column":59}},"118":{"start":{"line":185,"column":1},"end":{"line":192,"column":4}},"119":{"start":{"line":186,"column":2},"end":{"line":186,"column":52}},"120":{"start":{"line":187,"column":2},"end":{"line":187,"column":28}},"121":{"start":{"line":188,"column":2},"end":{"line":188,"column":46}},"122":{"start":{"line":190,"column":2},"end":{"line":190,"column":53}},"123":{"start":{"line":191,"column":2},"end":{"line":191,"column":59}},"124":{"start":{"line":194,"column":1},"end":{"line":201,"column":4}},"125":{"start":{"line":195,"column":2},"end":{"line":195,"column":43}},"126":{"start":{"line":196,"column":2},"end":{"line":196,"column":28}},"127":{"start":{"line":197,"column":2},"end":{"line":197,"column":46}},"128":{"start":{"line":199,"column":2},"end":{"line":199,"column":53}},"129":{"start":{"line":200,"column":2},"end":{"line":200,"column":59}},"130":{"start":{"line":204,"column":1},"end":{"line":211,"column":4}},"131":{"start":{"line":205,"column":2},"end":{"line":205,"column":43}},"132":{"start":{"line":206,"column":2},"end":{"line":206,"column":28}},"133":{"start":{"line":207,"column":2},"end":{"line":207,"column":46}},"134":{"start":{"line":209,"column":2},"end":{"line":209,"column":63}},"135":{"start":{"line":210,"column":2},"end":{"line":210,"column":49}},"136":{"start":{"line":213,"column":1},"end":{"line":220,"column":4}},"137":{"start":{"line":214,"column":2},"end":{"line":214,"column":34}},"138":{"start":{"line":215,"column":2},"end":{"line":215,"column":28}},"139":{"start":{"line":216,"column":2},"end":{"line":216,"column":46}},"140":{"start":{"line":218,"column":2},"end":{"line":218,"column":54}},"141":{"start":{"line":219,"column":2},"end":{"line":219,"column":49}},"142":{"start":{"line":222,"column":1},"end":{"line":229,"column":4}},"143":{"start":{"line":223,"column":2},"end":{"line":223,"column":34}},"144":{"start":{"line":224,"column":2},"end":{"line":224,"column":28}},"145":{"start":{"line":225,"column":2},"end":{"line":225,"column":46}},"146":{"start":{"line":227,"column":2},"end":{"line":227,"column":54}},"147":{"start":{"line":228,"column":2},"end":{"line":228,"column":49}},"148":{"start":{"line":231,"column":1},"end":{"line":238,"column":4}},"149":{"start":{"line":232,"column":2},"end":{"line":232,"column":44}},"150":{"start":{"line":233,"column":2},"end":{"line":233,"column":28}},"151":{"start":{"line":234,"column":2},"end":{"line":234,"column":46}},"152":{"start":{"line":236,"column":2},"end":{"line":236,"column":54}},"153":{"start":{"line":237,"column":2},"end":{"line":237,"column":57}},"154":{"start":{"line":240,"column":1},"end":{"line":247,"column":4}},"155":{"start":{"line":241,"column":2},"end":{"line":241,"column":44}},"156":{"start":{"line":242,"column":2},"end":{"line":242,"column":28}},"157":{"start":{"line":243,"column":2},"end":{"line":243,"column":46}},"158":{"start":{"line":245,"column":2},"end":{"line":245,"column":54}},"159":{"start":{"line":246,"column":2},"end":{"line":246,"column":57}},"160":{"start":{"line":249,"column":1},"end":{"line":256,"column":4}},"161":{"start":{"line":250,"column":2},"end":{"line":250,"column":44}},"162":{"start":{"line":251,"column":2},"end":{"line":251,"column":28}},"163":{"start":{"line":252,"column":2},"end":{"line":252,"column":46}},"164":{"start":{"line":254,"column":2},"end":{"line":254,"column":54}},"165":{"start":{"line":255,"column":2},"end":{"line":255,"column":67}},"166":{"start":{"line":258,"column":1},"end":{"line":265,"column":4}},"167":{"start":{"line":259,"column":2},"end":{"line":259,"column":54}},"168":{"start":{"line":260,"column":2},"end":{"line":260,"column":28}},"169":{"start":{"line":261,"column":2},"end":{"line":261,"column":46}},"170":{"start":{"line":263,"column":2},"end":{"line":263,"column":64}},"171":{"start":{"line":264,"column":2},"end":{"line":264,"column":67}},"172":{"start":{"line":267,"column":1},"end":{"line":274,"column":4}},"173":{"start":{"line":268,"column":2},"end":{"line":268,"column":44}},"174":{"start":{"line":269,"column":2},"end":{"line":269,"column":28}},"175":{"start":{"line":270,"column":2},"end":{"line":270,"column":46}},"176":{"start":{"line":272,"column":2},"end":{"line":272,"column":54}},"177":{"start":{"line":273,"column":2},"end":{"line":273,"column":49}},"178":{"start":{"line":276,"column":2},"end":{"line":283,"column":5}},"179":{"start":{"line":277,"column":3},"end":{"line":277,"column":55}},"180":{"start":{"line":278,"column":3},"end":{"line":278,"column":28}},"181":{"start":{"line":279,"column":3},"end":{"line":279,"column":47}},"182":{"start":{"line":281,"column":3},"end":{"line":281,"column":65}},"183":{"start":{"line":282,"column":3},"end":{"line":282,"column":48}},"184":{"start":{"line":286,"column":2},"end":{"line":293,"column":5}},"185":{"start":{"line":287,"column":3},"end":{"line":287,"column":45}},"186":{"start":{"line":288,"column":3},"end":{"line":288,"column":29}},"187":{"start":{"line":289,"column":3},"end":{"line":289,"column":47}},"188":{"start":{"line":291,"column":3},"end":{"line":291,"column":59}},"189":{"start":{"line":292,"column":3},"end":{"line":292,"column":64}},"190":{"start":{"line":295,"column":2},"end":{"line":302,"column":5}},"191":{"start":{"line":296,"column":3},"end":{"line":296,"column":63}},"192":{"start":{"line":297,"column":3},"end":{"line":297,"column":30}},"193":{"start":{"line":298,"column":3},"end":{"line":298,"column":47}},"194":{"start":{"line":300,"column":3},"end":{"line":300,"column":63}},"195":{"start":{"line":301,"column":3},"end":{"line":301,"column":68}},"196":{"start":{"line":304,"column":2},"end":{"line":311,"column":5}},"197":{"start":{"line":305,"column":3},"end":{"line":305,"column":63}},"198":{"start":{"line":306,"column":3},"end":{"line":306,"column":30}},"199":{"start":{"line":307,"column":3},"end":{"line":307,"column":47}},"200":{"start":{"line":309,"column":3},"end":{"line":309,"column":63}},"201":{"start":{"line":310,"column":3},"end":{"line":310,"column":69}},"202":{"start":{"line":319,"column":0},"end":{"line":629,"column":3}},"203":{"start":{"line":321,"column":1},"end":{"line":328,"column":4}},"204":{"start":{"line":322,"column":2},"end":{"line":322,"column":35}},"205":{"start":{"line":323,"column":2},"end":{"line":323,"column":27}},"206":{"start":{"line":324,"column":2},"end":{"line":324,"column":46}},"207":{"start":{"line":326,"column":2},"end":{"line":326,"column":53}},"208":{"start":{"line":327,"column":2},"end":{"line":327,"column":48}},"209":{"start":{"line":330,"column":1},"end":{"line":337,"column":4}},"210":{"start":{"line":331,"column":2},"end":{"line":331,"column":35}},"211":{"start":{"line":332,"column":2},"end":{"line":332,"column":28}},"212":{"start":{"line":333,"column":2},"end":{"line":333,"column":46}},"213":{"start":{"line":335,"column":2},"end":{"line":335,"column":45}},"214":{"start":{"line":336,"column":2},"end":{"line":336,"column":49}},"215":{"start":{"line":339,"column":1},"end":{"line":346,"column":4}},"216":{"start":{"line":340,"column":2},"end":{"line":340,"column":35}},"217":{"start":{"line":341,"column":2},"end":{"line":341,"column":28}},"218":{"start":{"line":342,"column":2},"end":{"line":342,"column":46}},"219":{"start":{"line":344,"column":2},"end":{"line":344,"column":45}},"220":{"start":{"line":345,"column":2},"end":{"line":345,"column":49}},"221":{"start":{"line":348,"column":1},"end":{"line":355,"column":4}},"222":{"start":{"line":349,"column":2},"end":{"line":349,"column":26}},"223":{"start":{"line":350,"column":2},"end":{"line":350,"column":28}},"224":{"start":{"line":351,"column":2},"end":{"line":351,"column":46}},"225":{"start":{"line":353,"column":2},"end":{"line":353,"column":45}},"226":{"start":{"line":354,"column":2},"end":{"line":354,"column":49}},"227":{"start":{"line":357,"column":1},"end":{"line":364,"column":4}},"228":{"start":{"line":358,"column":2},"end":{"line":358,"column":26}},"229":{"start":{"line":359,"column":2},"end":{"line":359,"column":27}},"230":{"start":{"line":360,"column":2},"end":{"line":360,"column":46}},"231":{"start":{"line":362,"column":2},"end":{"line":362,"column":44}},"232":{"start":{"line":363,"column":2},"end":{"line":363,"column":42}},"233":{"start":{"line":366,"column":1},"end":{"line":373,"column":4}},"234":{"start":{"line":367,"column":2},"end":{"line":367,"column":35}},"235":{"start":{"line":368,"column":2},"end":{"line":368,"column":28}},"236":{"start":{"line":369,"column":2},"end":{"line":369,"column":46}},"237":{"start":{"line":371,"column":2},"end":{"line":371,"column":45}},"238":{"start":{"line":372,"column":2},"end":{"line":372,"column":58}},"239":{"start":{"line":375,"column":1},"end":{"line":382,"column":4}},"240":{"start":{"line":376,"column":2},"end":{"line":376,"column":44}},"241":{"start":{"line":377,"column":2},"end":{"line":377,"column":28}},"242":{"start":{"line":378,"column":2},"end":{"line":378,"column":46}},"243":{"start":{"line":380,"column":2},"end":{"line":380,"column":54}},"244":{"start":{"line":381,"column":2},"end":{"line":381,"column":58}},"245":{"start":{"line":385,"column":1},"end":{"line":392,"column":4}},"246":{"start":{"line":386,"column":2},"end":{"line":386,"column":46}},"247":{"start":{"line":387,"column":2},"end":{"line":387,"column":28}},"248":{"start":{"line":388,"column":2},"end":{"line":388,"column":46}},"249":{"start":{"line":390,"column":2},"end":{"line":390,"column":55}},"250":{"start":{"line":391,"column":2},"end":{"line":391,"column":64}},"251":{"start":{"line":397,"column":1},"end":{"line":404,"column":4}},"252":{"start":{"line":398,"column":2},"end":{"line":398,"column":46}},"253":{"start":{"line":399,"column":2},"end":{"line":399,"column":28}},"254":{"start":{"line":400,"column":2},"end":{"line":400,"column":46}},"255":{"start":{"line":402,"column":2},"end":{"line":402,"column":45}},"256":{"start":{"line":403,"column":2},"end":{"line":403,"column":64}},"257":{"start":{"line":407,"column":1},"end":{"line":414,"column":4}},"258":{"start":{"line":408,"column":2},"end":{"line":408,"column":46}},"259":{"start":{"line":409,"column":2},"end":{"line":409,"column":28}},"260":{"start":{"line":410,"column":2},"end":{"line":410,"column":46}},"261":{"start":{"line":412,"column":2},"end":{"line":412,"column":55}},"262":{"start":{"line":413,"column":2},"end":{"line":413,"column":64}},"263":{"start":{"line":416,"column":1},"end":{"line":423,"column":4}},"264":{"start":{"line":417,"column":2},"end":{"line":417,"column":46}},"265":{"start":{"line":418,"column":2},"end":{"line":418,"column":28}},"266":{"start":{"line":419,"column":2},"end":{"line":419,"column":46}},"267":{"start":{"line":421,"column":2},"end":{"line":421,"column":55}},"268":{"start":{"line":422,"column":2},"end":{"line":422,"column":55}},"269":{"start":{"line":425,"column":1},"end":{"line":432,"column":4}},"270":{"start":{"line":426,"column":2},"end":{"line":426,"column":46}},"271":{"start":{"line":427,"column":2},"end":{"line":427,"column":28}},"272":{"start":{"line":428,"column":2},"end":{"line":428,"column":46}},"273":{"start":{"line":430,"column":2},"end":{"line":430,"column":55}},"274":{"start":{"line":431,"column":2},"end":{"line":431,"column":56}},"275":{"start":{"line":434,"column":1},"end":{"line":441,"column":4}},"276":{"start":{"line":435,"column":2},"end":{"line":435,"column":46}},"277":{"start":{"line":436,"column":2},"end":{"line":436,"column":27}},"278":{"start":{"line":437,"column":2},"end":{"line":437,"column":46}},"279":{"start":{"line":439,"column":2},"end":{"line":439,"column":64}},"280":{"start":{"line":440,"column":2},"end":{"line":440,"column":47}},"281":{"start":{"line":443,"column":1},"end":{"line":452,"column":4}},"282":{"start":{"line":444,"column":2},"end":{"line":444,"column":46}},"283":{"start":{"line":446,"column":2},"end":{"line":446,"column":27}},"284":{"start":{"line":448,"column":2},"end":{"line":448,"column":46}},"285":{"start":{"line":450,"column":2},"end":{"line":450,"column":64}},"286":{"start":{"line":451,"column":2},"end":{"line":451,"column":47}},"287":{"start":{"line":454,"column":1},"end":{"line":462,"column":4}},"288":{"start":{"line":455,"column":2},"end":{"line":455,"column":46}},"289":{"start":{"line":456,"column":2},"end":{"line":456,"column":28}},"290":{"start":{"line":458,"column":2},"end":{"line":458,"column":46}},"291":{"start":{"line":460,"column":2},"end":{"line":460,"column":45}},"292":{"start":{"line":461,"column":2},"end":{"line":461,"column":76}},"293":{"start":{"line":464,"column":1},"end":{"line":472,"column":4}},"294":{"start":{"line":465,"column":2},"end":{"line":465,"column":46}},"295":{"start":{"line":466,"column":2},"end":{"line":466,"column":28}},"296":{"start":{"line":468,"column":2},"end":{"line":468,"column":46}},"297":{"start":{"line":470,"column":2},"end":{"line":470,"column":55}},"298":{"start":{"line":471,"column":2},"end":{"line":471,"column":56}},"299":{"start":{"line":474,"column":1},"end":{"line":482,"column":4}},"300":{"start":{"line":475,"column":2},"end":{"line":475,"column":46}},"301":{"start":{"line":476,"column":2},"end":{"line":476,"column":27}},"302":{"start":{"line":478,"column":2},"end":{"line":478,"column":46}},"303":{"start":{"line":480,"column":2},"end":{"line":480,"column":64}},"304":{"start":{"line":481,"column":2},"end":{"line":481,"column":47}},"305":{"start":{"line":484,"column":1},"end":{"line":491,"column":4}},"306":{"start":{"line":485,"column":2},"end":{"line":485,"column":46}},"307":{"start":{"line":486,"column":2},"end":{"line":486,"column":28}},"308":{"start":{"line":487,"column":2},"end":{"line":487,"column":46}},"309":{"start":{"line":489,"column":2},"end":{"line":489,"column":45}},"310":{"start":{"line":490,"column":2},"end":{"line":490,"column":65}},"311":{"start":{"line":494,"column":1},"end":{"line":501,"column":4}},"312":{"start":{"line":495,"column":2},"end":{"line":495,"column":46}},"313":{"start":{"line":496,"column":2},"end":{"line":496,"column":28}},"314":{"start":{"line":497,"column":2},"end":{"line":497,"column":46}},"315":{"start":{"line":499,"column":2},"end":{"line":499,"column":45}},"316":{"start":{"line":500,"column":2},"end":{"line":500,"column":58}},"317":{"start":{"line":503,"column":1},"end":{"line":510,"column":4}},"318":{"start":{"line":504,"column":2},"end":{"line":504,"column":46}},"319":{"start":{"line":505,"column":2},"end":{"line":505,"column":27}},"320":{"start":{"line":506,"column":2},"end":{"line":506,"column":46}},"321":{"start":{"line":508,"column":2},"end":{"line":508,"column":65}},"322":{"start":{"line":509,"column":2},"end":{"line":509,"column":47}},"323":{"start":{"line":512,"column":1},"end":{"line":519,"column":4}},"324":{"start":{"line":513,"column":2},"end":{"line":513,"column":46}},"325":{"start":{"line":514,"column":2},"end":{"line":514,"column":28}},"326":{"start":{"line":515,"column":2},"end":{"line":515,"column":46}},"327":{"start":{"line":517,"column":2},"end":{"line":517,"column":56}},"328":{"start":{"line":518,"column":2},"end":{"line":518,"column":48}},"329":{"start":{"line":521,"column":1},"end":{"line":528,"column":4}},"330":{"start":{"line":522,"column":2},"end":{"line":522,"column":46}},"331":{"start":{"line":523,"column":2},"end":{"line":523,"column":28}},"332":{"start":{"line":524,"column":2},"end":{"line":524,"column":46}},"333":{"start":{"line":526,"column":2},"end":{"line":526,"column":45}},"334":{"start":{"line":527,"column":2},"end":{"line":527,"column":57}},"335":{"start":{"line":530,"column":1},"end":{"line":537,"column":4}},"336":{"start":{"line":531,"column":2},"end":{"line":531,"column":46}},"337":{"start":{"line":532,"column":2},"end":{"line":532,"column":28}},"338":{"start":{"line":533,"column":2},"end":{"line":533,"column":46}},"339":{"start":{"line":535,"column":2},"end":{"line":535,"column":45}},"340":{"start":{"line":536,"column":2},"end":{"line":536,"column":58}},"341":{"start":{"line":539,"column":1},"end":{"line":546,"column":4}},"342":{"start":{"line":540,"column":2},"end":{"line":540,"column":26}},"343":{"start":{"line":541,"column":2},"end":{"line":541,"column":27}},"344":{"start":{"line":542,"column":2},"end":{"line":542,"column":46}},"345":{"start":{"line":544,"column":2},"end":{"line":544,"column":44}},"346":{"start":{"line":545,"column":2},"end":{"line":545,"column":47}},"347":{"start":{"line":548,"column":1},"end":{"line":555,"column":4}},"348":{"start":{"line":549,"column":2},"end":{"line":549,"column":26}},"349":{"start":{"line":550,"column":2},"end":{"line":550,"column":27}},"350":{"start":{"line":551,"column":2},"end":{"line":551,"column":46}},"351":{"start":{"line":553,"column":2},"end":{"line":553,"column":44}},"352":{"start":{"line":554,"column":2},"end":{"line":554,"column":54}},"353":{"start":{"line":557,"column":1},"end":{"line":564,"column":4}},"354":{"start":{"line":558,"column":2},"end":{"line":558,"column":33}},"355":{"start":{"line":559,"column":2},"end":{"line":559,"column":27}},"356":{"start":{"line":560,"column":2},"end":{"line":560,"column":46}},"357":{"start":{"line":562,"column":2},"end":{"line":562,"column":44}},"358":{"start":{"line":563,"column":2},"end":{"line":563,"column":54}},"359":{"start":{"line":566,"column":1},"end":{"line":573,"column":4}},"360":{"start":{"line":567,"column":2},"end":{"line":567,"column":33}},"361":{"start":{"line":568,"column":2},"end":{"line":568,"column":27}},"362":{"start":{"line":569,"column":2},"end":{"line":569,"column":46}},"363":{"start":{"line":571,"column":2},"end":{"line":571,"column":59}},"364":{"start":{"line":572,"column":2},"end":{"line":572,"column":47}},"365":{"start":{"line":575,"column":1},"end":{"line":582,"column":4}},"366":{"start":{"line":576,"column":2},"end":{"line":576,"column":42}},"367":{"start":{"line":577,"column":2},"end":{"line":577,"column":27}},"368":{"start":{"line":578,"column":2},"end":{"line":578,"column":46}},"369":{"start":{"line":580,"column":2},"end":{"line":580,"column":53}},"370":{"start":{"line":581,"column":2},"end":{"line":581,"column":61}},"371":{"start":{"line":584,"column":1},"end":{"line":591,"column":4}},"372":{"start":{"line":585,"column":2},"end":{"line":585,"column":42}},"373":{"start":{"line":586,"column":2},"end":{"line":586,"column":27}},"374":{"start":{"line":587,"column":2},"end":{"line":587,"column":46}},"375":{"start":{"line":589,"column":2},"end":{"line":589,"column":53}},"376":{"start":{"line":590,"column":2},"end":{"line":590,"column":47}},"377":{"start":{"line":593,"column":1},"end":{"line":600,"column":4}},"378":{"start":{"line":594,"column":2},"end":{"line":594,"column":42}},"379":{"start":{"line":595,"column":2},"end":{"line":595,"column":27}},"380":{"start":{"line":596,"column":2},"end":{"line":596,"column":46}},"381":{"start":{"line":598,"column":2},"end":{"line":598,"column":61}},"382":{"start":{"line":599,"column":2},"end":{"line":599,"column":42}},"383":{"start":{"line":602,"column":1},"end":{"line":609,"column":4}},"384":{"start":{"line":603,"column":2},"end":{"line":603,"column":51}},"385":{"start":{"line":604,"column":2},"end":{"line":604,"column":27}},"386":{"start":{"line":605,"column":2},"end":{"line":605,"column":46}},"387":{"start":{"line":607,"column":2},"end":{"line":607,"column":70}},"388":{"start":{"line":608,"column":2},"end":{"line":608,"column":54}},"389":{"start":{"line":611,"column":1},"end":{"line":618,"column":4}},"390":{"start":{"line":612,"column":2},"end":{"line":612,"column":51}},"391":{"start":{"line":613,"column":2},"end":{"line":613,"column":28}},"392":{"start":{"line":614,"column":2},"end":{"line":614,"column":46}},"393":{"start":{"line":616,"column":2},"end":{"line":616,"column":46}},"394":{"start":{"line":617,"column":2},"end":{"line":617,"column":64}},"395":{"start":{"line":620,"column":1},"end":{"line":627,"column":4}},"396":{"start":{"line":621,"column":2},"end":{"line":621,"column":51}},"397":{"start":{"line":622,"column":2},"end":{"line":622,"column":28}},"398":{"start":{"line":623,"column":2},"end":{"line":623,"column":46}},"399":{"start":{"line":625,"column":2},"end":{"line":625,"column":46}},"400":{"start":{"line":626,"column":2},"end":{"line":626,"column":73}}},"branchMap":{}},"/Users/danieletomasi/projects/intervals/algo.js":{"path":"/Users/danieletomasi/projects/intervals/algo.js","s":{"1":1,"2":108,"3":108,"4":108,"5":108,"6":108,"7":31,"8":31,"9":2,"10":3,"11":2,"12":2,"13":29,"14":3,"15":3,"16":26,"17":26,"18":4,"19":22,"20":2,"21":2,"22":2,"23":22,"24":29,"25":8,"26":4,"27":4,"28":8,"29":8,"30":8,"31":21,"32":5,"33":2,"34":3,"35":5,"36":5,"37":5,"38":5,"39":16,"40":3,"41":13,"42":16,"43":5,"44":5,"45":5,"46":5,"47":11,"48":11,"49":11,"50":2,"51":2,"52":2,"53":9,"54":77,"55":18,"56":2,"57":16,"58":3,"59":3,"60":13,"61":16,"62":22,"63":3,"64":3,"65":3,"66":3,"67":19,"68":6,"69":6,"70":6,"71":6,"72":6,"73":13,"74":13,"75":2,"76":2,"77":2,"78":2,"79":11,"80":11,"81":11,"82":2,"83":2,"84":2,"85":9,"86":59,"87":15,"88":13,"89":4,"90":4,"91":9,"92":13,"93":11,"94":3,"95":3,"96":8,"97":2,"98":2,"99":2,"100":6,"101":6,"102":2,"103":2,"104":2,"105":4,"106":4,"107":4,"108":2,"109":2,"110":2,"111":44,"112":2,"113":2,"114":42,"115":42,"116":42,"117":108,"118":1},"b":{"1":[108,66],"2":[31,77],"3":[2,29],"4":[3,26],"5":[4,22],"6":[2,20],"7":[8,21],"8":[4,4],"9":[5,16],"10":[2,3],"11":[3,13],"12":[5,11],"13":[2,9],"14":[18,59],"15":[2,16],"16":[3,13],"17":[3,19],"18":[6,13],"19":[2,11],"20":[2,9],"21":[15,44],"22":[2,13],"23":[4,9],"24":[3,8],"25":[2,6],"26":[2,4],"27":[2,2],"28":[2,42]},"f":{"1":108},"fnMap":{"1":{"name":"c","line":3,"loc":{"start":{"line":3,"column":0},"end":{"line":3,"column":42}}}},"statementMap":{"1":{"start":{"line":3,"column":0},"end":{"line":330,"column":1}},"2":{"start":{"line":5,"column":1},"end":{"line":6,"column":24}},"3":{"start":{"line":8,"column":1},"end":{"line":8,"column":33}},"4":{"start":{"line":9,"column":1},"end":{"line":9,"column":45}},"5":{"start":{"line":10,"column":1},"end":{"line":10,"column":25}},"6":{"start":{"line":14,"column":1},"end":{"line":322,"column":2}},"7":{"start":{"line":18,"column":2},"end":{"line":18,"column":28}},"8":{"start":{"line":20,"column":2},"end":{"line":143,"column":3}},"9":{"start":{"line":24,"column":3},"end":{"line":26,"column":4}},"10":{"start":{"line":25,"column":4},"end":{"line":25,"column":36}},"11":{"start":{"line":29,"column":3},"end":{"line":29,"column":42}},"12":{"start":{"line":32,"column":3},"end":{"line":32,"column":28}},"13":{"start":{"line":34,"column":9},"end":{"line":143,"column":3}},"14":{"start":{"line":37,"column":3},"end":{"line":37,"column":21}},"15":{"start":{"line":40,"column":3},"end":{"line":40,"column":28}},"16":{"start":{"line":45,"column":3},"end":{"line":45,"column":35}},"17":{"start":{"line":47,"column":3},"end":{"line":142,"column":4}},"18":{"start":{"line":50,"column":4},"end":{"line":50,"column":22}},"19":{"start":{"line":54,"column":4},"end":{"line":61,"column":5}},"20":{"start":{"line":56,"column":5},"end":{"line":56,"column":41}},"21":{"start":{"line":59,"column":5},"end":{"line":59,"column":23}},"22":{"start":{"line":60,"column":5},"end":{"line":60,"column":21}},"23":{"start":{"line":64,"column":4},"end":{"line":141,"column":5}},"24":{"start":{"line":67,"column":5},"end":{"line":140,"column":6}},"25":{"start":{"line":69,"column":6},"end":{"line":73,"column":7}},"26":{"start":{"line":70,"column":7},"end":{"line":70,"column":55}},"27":{"start":{"line":72,"column":7},"end":{"line":72,"column":51}},"28":{"start":{"line":77,"column":6},"end":{"line":77,"column":24}},"29":{"start":{"line":81,"column":6},"end":{"line":81,"column":22}},"30":{"start":{"line":83,"column":6},"end":{"line":83,"column":12}},"31":{"start":{"line":84,"column":12},"end":{"line":140,"column":6}},"32":{"start":{"line":86,"column":6},"end":{"line":90,"column":7}},"33":{"start":{"line":87,"column":7},"end":{"line":87,"column":55}},"34":{"start":{"line":89,"column":7},"end":{"line":89,"column":51}},"35":{"start":{"line":94,"column":6},"end":{"line":94,"column":24}},"36":{"start":{"line":96,"column":6},"end":{"line":96,"column":35}},"37":{"start":{"line":98,"column":6},"end":{"line":98,"column":29}},"38":{"start":{"line":99,"column":6},"end":{"line":99,"column":12}},"39":{"start":{"line":102,"column":6},"end":{"line":106,"column":7}},"40":{"start":{"line":103,"column":7},"end":{"line":103,"column":68}},"41":{"start":{"line":105,"column":7},"end":{"line":105,"column":64}},"42":{"start":{"line":109,"column":6},"end":{"line":139,"column":7}},"43":{"start":{"line":113,"column":7},"end":{"line":113,"column":25}},"44":{"start":{"line":115,"column":7},"end":{"line":115,"column":36}},"45":{"start":{"line":118,"column":7},"end":{"line":118,"column":30}},"46":{"start":{"line":119,"column":7},"end":{"line":119,"column":13}},"47":{"start":{"line":122,"column":7},"end":{"line":122,"column":45}},"48":{"start":{"line":125,"column":7},"end":{"line":125,"column":30}},"49":{"start":{"line":128,"column":7},"end":{"line":138,"column":8}},"50":{"start":{"line":130,"column":8},"end":{"line":130,"column":26}},"51":{"start":{"line":131,"column":8},"end":{"line":131,"column":24}},"52":{"start":{"line":133,"column":8},"end":{"line":133,"column":56}},"53":{"start":{"line":137,"column":8},"end":{"line":137,"column":12}},"54":{"start":{"line":144,"column":9},"end":{"line":322,"column":2}},"55":{"start":{"line":146,"column":3},"end":{"line":233,"column":4}},"56":{"start":{"line":149,"column":4},"end":{"line":149,"column":22}},"57":{"start":{"line":153,"column":4},"end":{"line":161,"column":5}},"58":{"start":{"line":156,"column":5},"end":{"line":156,"column":41}},"59":{"start":{"line":157,"column":5},"end":{"line":157,"column":21}},"60":{"start":{"line":160,"column":5},"end":{"line":160,"column":37}},"61":{"start":{"line":164,"column":4},"end":{"line":232,"column":5}},"62":{"start":{"line":167,"column":5},"end":{"line":231,"column":6}},"63":{"start":{"line":169,"column":6},"end":{"line":169,"column":54}},"64":{"start":{"line":174,"column":6},"end":{"line":174,"column":24}},"65":{"start":{"line":178,"column":6},"end":{"line":178,"column":22}},"66":{"start":{"line":180,"column":6},"end":{"line":180,"column":12}},"67":{"start":{"line":181,"column":12},"end":{"line":231,"column":6}},"68":{"start":{"line":183,"column":6},"end":{"line":183,"column":54}},"69":{"start":{"line":187,"column":6},"end":{"line":187,"column":24}},"70":{"start":{"line":189,"column":6},"end":{"line":189,"column":35}},"71":{"start":{"line":191,"column":6},"end":{"line":191,"column":29}},"72":{"start":{"line":192,"column":6},"end":{"line":192,"column":12}},"73":{"start":{"line":195,"column":6},"end":{"line":195,"column":67}},"74":{"start":{"line":198,"column":6},"end":{"line":230,"column":7}},"75":{"start":{"line":202,"column":7},"end":{"line":202,"column":25}},"76":{"start":{"line":204,"column":7},"end":{"line":204,"column":36}},"77":{"start":{"line":207,"column":7},"end":{"line":207,"column":30}},"78":{"start":{"line":208,"column":7},"end":{"line":208,"column":13}},"79":{"start":{"line":212,"column":7},"end":{"line":212,"column":45}},"80":{"start":{"line":215,"column":7},"end":{"line":215,"column":30}},"81":{"start":{"line":218,"column":7},"end":{"line":229,"column":8}},"82":{"start":{"line":220,"column":8},"end":{"line":220,"column":26}},"83":{"start":{"line":221,"column":8},"end":{"line":221,"column":24}},"84":{"start":{"line":224,"column":8},"end":{"line":224,"column":56}},"85":{"start":{"line":228,"column":8},"end":{"line":228,"column":12}},"86":{"start":{"line":237,"column":2},"end":{"line":321,"column":3}},"87":{"start":{"line":239,"column":3},"end":{"line":308,"column":4}},"88":{"start":{"line":244,"column":4},"end":{"line":252,"column":5}},"89":{"start":{"line":247,"column":5},"end":{"line":247,"column":41}},"90":{"start":{"line":248,"column":5},"end":{"line":248,"column":21}},"91":{"start":{"line":251,"column":5},"end":{"line":251,"column":37}},"92":{"start":{"line":255,"column":4},"end":{"line":307,"column":5}},"93":{"start":{"line":257,"column":5},"end":{"line":306,"column":6}},"94":{"start":{"line":260,"column":6},"end":{"line":260,"column":54}},"95":{"start":{"line":263,"column":6},"end":{"line":263,"column":22}},"96":{"start":{"line":265,"column":12},"end":{"line":306,"column":6}},"97":{"start":{"line":267,"column":6},"end":{"line":267,"column":54}},"98":{"start":{"line":270,"column":6},"end":{"line":270,"column":35}},"99":{"start":{"line":272,"column":6},"end":{"line":272,"column":29}},"100":{"start":{"line":275,"column":6},"end":{"line":275,"column":67}},"101":{"start":{"line":278,"column":6},"end":{"line":304,"column":7}},"102":{"start":{"line":281,"column":7},"end":{"line":281,"column":36}},"103":{"start":{"line":284,"column":7},"end":{"line":284,"column":30}},"104":{"start":{"line":285,"column":7},"end":{"line":285,"column":13}},"105":{"start":{"line":288,"column":7},"end":{"line":288,"column":45}},"106":{"start":{"line":291,"column":7},"end":{"line":291,"column":30}},"107":{"start":{"line":294,"column":7},"end":{"line":303,"column":8}},"108":{"start":{"line":296,"column":8},"end":{"line":296,"column":24}},"109":{"start":{"line":298,"column":8},"end":{"line":298,"column":56}},"110":{"start":{"line":302,"column":8},"end":{"line":302,"column":12}},"111":{"start":{"line":313,"column":3},"end":{"line":320,"column":4}},"112":{"start":{"line":314,"column":4},"end":{"line":314,"column":31}},"113":{"start":{"line":315,"column":4},"end":{"line":315,"column":35}},"114":{"start":{"line":317,"column":4},"end":{"line":317,"column":70}},"115":{"start":{"line":318,"column":4},"end":{"line":318,"column":47}},"116":{"start":{"line":319,"column":4},"end":{"line":319,"column":44}},"117":{"start":{"line":325,"column":1},"end":{"line":328,"column":3}},"118":{"start":{"line":332,"column":0},"end":{"line":332,"column":19}}},"branchMap":{"1":{"line":8,"type":"binary-expr","locations":[{"start":{"line":8,"column":22},"end":{"line":8,"column":27}},{"start":{"line":8,"column":31},"end":{"line":8,"column":32}}]},"2":{"line":14,"type":"if","locations":[{"start":{"line":14,"column":1},"end":{"line":14,"column":1}},{"start":{"line":14,"column":1},"end":{"line":14,"column":1}}]},"3":{"line":20,"type":"if","locations":[{"start":{"line":20,"column":2},"end":{"line":20,"column":2}},{"start":{"line":20,"column":2},"end":{"line":20,"column":2}}]},"4":{"line":34,"type":"if","locations":[{"start":{"line":34,"column":9},"end":{"line":34,"column":9}},{"start":{"line":34,"column":9},"end":{"line":34,"column":9}}]},"5":{"line":47,"type":"if","locations":[{"start":{"line":47,"column":3},"end":{"line":47,"column":3}},{"start":{"line":47,"column":3},"end":{"line":47,"column":3}}]},"6":{"line":54,"type":"if","locations":[{"start":{"line":54,"column":4},"end":{"line":54,"column":4}},{"start":{"line":54,"column":4},"end":{"line":54,"column":4}}]},"7":{"line":67,"type":"if","locations":[{"start":{"line":67,"column":5},"end":{"line":67,"column":5}},{"start":{"line":67,"column":5},"end":{"line":67,"column":5}}]},"8":{"line":69,"type":"if","locations":[{"start":{"line":69,"column":6},"end":{"line":69,"column":6}},{"start":{"line":69,"column":6},"end":{"line":69,"column":6}}]},"9":{"line":84,"type":"if","locations":[{"start":{"line":84,"column":12},"end":{"line":84,"column":12}},{"start":{"line":84,"column":12},"end":{"line":84,"column":12}}]},"10":{"line":86,"type":"if","locations":[{"start":{"line":86,"column":6},"end":{"line":86,"column":6}},{"start":{"line":86,"column":6},"end":{"line":86,"column":6}}]},"11":{"line":102,"type":"if","locations":[{"start":{"line":102,"column":6},"end":{"line":102,"column":6}},{"start":{"line":102,"column":6},"end":{"line":102,"column":6}}]},"12":{"line":109,"type":"if","locations":[{"start":{"line":109,"column":6},"end":{"line":109,"column":6}},{"start":{"line":109,"column":6},"end":{"line":109,"column":6}}]},"13":{"line":128,"type":"if","locations":[{"start":{"line":128,"column":7},"end":{"line":128,"column":7}},{"start":{"line":128,"column":7},"end":{"line":128,"column":7}}]},"14":{"line":144,"type":"if","locations":[{"start":{"line":144,"column":9},"end":{"line":144,"column":9}},{"start":{"line":144,"column":9},"end":{"line":144,"column":9}}]},"15":{"line":146,"type":"if","locations":[{"start":{"line":146,"column":3},"end":{"line":146,"column":3}},{"start":{"line":146,"column":3},"end":{"line":146,"column":3}}]},"16":{"line":153,"type":"if","locations":[{"start":{"line":153,"column":4},"end":{"line":153,"column":4}},{"start":{"line":153,"column":4},"end":{"line":153,"column":4}}]},"17":{"line":167,"type":"if","locations":[{"start":{"line":167,"column":5},"end":{"line":167,"column":5}},{"start":{"line":167,"column":5},"end":{"line":167,"column":5}}]},"18":{"line":181,"type":"if","locations":[{"start":{"line":181,"column":12},"end":{"line":181,"column":12}},{"start":{"line":181,"column":12},"end":{"line":181,"column":12}}]},"19":{"line":198,"type":"if","locations":[{"start":{"line":198,"column":6},"end":{"line":198,"column":6}},{"start":{"line":198,"column":6},"end":{"line":198,"column":6}}]},"20":{"line":218,"type":"if","locations":[{"start":{"line":218,"column":7},"end":{"line":218,"column":7}},{"start":{"line":218,"column":7},"end":{"line":218,"column":7}}]},"21":{"line":237,"type":"if","locations":[{"start":{"line":237,"column":2},"end":{"line":237,"column":2}},{"start":{"line":237,"column":2},"end":{"line":237,"column":2}}]},"22":{"line":239,"type":"if","locations":[{"start":{"line":239,"column":3},"end":{"line":239,"column":3}},{"start":{"line":239,"column":3},"end":{"line":239,"column":3}}]},"23":{"line":244,"type":"if","locations":[{"start":{"line":244,"column":4},"end":{"line":244,"column":4}},{"start":{"line":244,"column":4},"end":{"line":244,"column":4}}]},"24":{"line":257,"type":"if","locations":[{"start":{"line":257,"column":5},"end":{"line":257,"column":5}},{"start":{"line":257,"column":5},"end":{"line":257,"column":5}}]},"25":{"line":265,"type":"if","locations":[{"start":{"line":265,"column":12},"end":{"line":265,"column":12}},{"start":{"line":265,"column":12},"end":{"line":265,"column":12}}]},"26":{"line":278,"type":"if","locations":[{"start":{"line":278,"column":6},"end":{"line":278,"column":6}},{"start":{"line":278,"column":6},"end":{"line":278,"column":6}}]},"27":{"line":294,"type":"if","locations":[{"start":{"line":294,"column":7},"end":{"line":294,"column":7}},{"start":{"line":294,"column":7},"end":{"line":294,"column":7}}]},"28":{"line":313,"type":"if","locations":[{"start":{"line":313,"column":3},"end":{"line":313,"column":3}},{"start":{"line":313,"column":3},"end":{"line":313,"column":3}}]}}}}