{"/Users/alessio/Documents/projects/Bridges/test2.js":{"path":"/Users/alessio/Documents/projects/Bridges/test2.js","s":{"1":1,"2":1,"3":1,"4":1,"5":1,"6":1,"7":1,"8":1,"9":1,"10":1,"11":1,"12":1,"13":1,"14":1,"15":1,"16":1,"17":1,"18":1,"19":1,"20":1,"21":1,"22":1,"23":1,"24":1,"25":1,"26":1,"27":1,"28":1,"29":1,"30":1,"31":1,"32":1,"33":1,"34":1,"35":1,"36":1,"37":1,"38":1,"39":1,"40":1,"41":1,"42":1,"43":1,"44":1,"45":1,"46":1,"47":1,"48":1,"49":1,"50":1,"51":1,"52":1,"53":1,"54":1,"55":1,"56":1,"57":1,"58":1,"59":1,"60":1,"61":1,"62":1,"63":1,"64":1,"65":1,"66":1,"67":1,"68":1,"69":1,"70":1,"71":1,"72":1,"73":1,"74":1,"75":1,"76":1,"77":1,"78":1,"79":1,"80":1,"81":1,"82":1,"83":1,"84":1,"85":1,"86":1,"87":1,"88":1,"89":1,"90":1,"91":1,"92":1,"93":1,"94":1,"95":1,"96":1,"97":1,"98":1,"99":1,"100":1,"101":1,"102":1,"103":1,"104":1,"105":1,"106":1,"107":1,"108":1,"109":1,"110":1,"111":1,"112":1,"113":1,"114":1,"115":1,"116":1,"117":1,"118":1,"119":1,"120":1,"121":1,"122":1,"123":1,"124":1,"125":1,"126":1,"127":1,"128":1,"129":1,"130":1,"131":1,"132":1,"133":1,"134":1,"135":1,"136":1,"137":1,"138":1,"139":1,"140":1,"141":1,"142":1,"143":1,"144":1,"145":1,"146":1,"147":1,"148":1,"149":1,"150":1,"151":1,"152":1,"153":1,"154":1,"155":1,"156":1,"157":1,"158":1,"159":1,"160":1,"161":1,"162":1,"163":1,"164":1,"165":1,"166":1,"167":1,"168":1,"169":1,"170":1,"171":1,"172":1,"173":1,"174":1,"175":1,"176":1,"177":1,"178":1,"179":1,"180":1,"181":1,"182":1,"183":1,"184":1,"185":1,"186":1,"187":1,"188":1,"189":1,"190":1,"191":1,"192":1,"193":1,"194":1,"195":1,"196":1,"197":1,"198":1,"199":1,"200":1,"201":1,"202":1,"203":1,"204":1,"205":1,"206":1,"207":1,"208":1,"209":1,"210":1,"211":1,"212":1,"213":1,"214":1,"215":1,"216":1,"217":1,"218":1,"219":1,"220":1,"221":1,"222":1,"223":1,"224":1,"225":1,"226":1,"227":1,"228":1,"229":1,"230":1,"231":1,"232":1,"233":1,"234":1,"235":1,"236":1,"237":1,"238":1,"239":1,"240":1,"241":1,"242":1,"243":1,"244":1,"245":1,"246":1,"247":1,"248":1,"249":1,"250":1,"251":1,"252":1,"253":1,"254":1,"255":1,"256":1,"257":1,"258":1,"259":1,"260":1,"261":1,"262":1,"263":1,"264":1,"265":1,"266":1,"267":1,"268":1,"269":1,"270":1,"271":1,"272":1,"273":1,"274":1,"275":1,"276":1,"277":1,"278":1,"279":1,"280":1,"281":1,"282":1,"283":1,"284":1,"285":1,"286":1,"287":1,"288":1,"289":1,"290":1,"291":1,"292":1,"293":1,"294":1,"295":1,"296":1,"297":1,"298":1,"299":1,"300":1,"301":1,"302":1,"303":1,"304":1,"305":1,"306":1,"307":1,"308":1,"309":1,"310":1,"311":1,"312":1,"313":1,"314":1,"315":1,"316":1,"317":1,"318":1,"319":1,"320":1,"321":1,"322":1,"323":1,"324":1,"325":1,"326":1,"327":1,"328":1,"329":1,"330":1,"331":1,"332":1,"333":1,"334":1,"335":1,"336":1,"337":1,"338":1,"339":1,"340":1,"341":1,"342":1,"343":1,"344":1,"345":1,"346":1,"347":1,"348":1,"349":1,"350":1,"351":1,"352":1,"353":1,"354":1,"355":1,"356":1,"357":1,"358":1,"359":1,"360":1,"361":1,"362":1,"363":1,"364":1,"365":1,"366":1,"367":1,"368":1,"369":1,"370":1,"371":1,"372":1,"373":1,"374":1,"375":1,"376":1,"377":1,"378":1,"379":1,"380":1,"381":1,"382":1,"383":1,"384":1,"385":1,"386":1,"387":1,"388":1,"389":1,"390":1,"391":1,"392":1,"393":1,"394":1,"395":1,"396":1,"397":1,"398":1,"399":1},"b":{},"f":{"1":1,"2":1,"3":1,"4":1,"5":1,"6":1,"7":1,"8":1,"9":1,"10":1,"11":1,"12":1,"13":1,"14":1,"15":1,"16":1,"17":1,"18":1,"19":1,"20":1,"21":1,"22":1,"23":1,"24":1,"25":1,"26":1,"27":1,"28":1,"29":1,"30":1,"31":1,"32":1,"33":1,"34":1,"35":1,"36":1,"37":1,"38":1,"39":1,"40":1,"41":1,"42":1,"43":1,"44":1,"45":1,"46":1,"47":1,"48":1,"49":1,"50":1,"51":1,"52":1,"53":1,"54":1,"55":1,"56":1,"57":1,"58":1,"59":1,"60":1,"61":1,"62":1,"63":1,"64":1,"65":1,"66":1,"67":1},"fnMap":{"1":{"name":"(anonymous_1)","line":6,"loc":{"start":{"line":6,"column":29},"end":{"line":6,"column":40}}},"2":{"name":"(anonymous_2)","line":9,"loc":{"start":{"line":9,"column":39},"end":{"line":9,"column":50}}},"3":{"name":"(anonymous_3)","line":20,"loc":{"start":{"line":20,"column":39},"end":{"line":20,"column":50}}},"4":{"name":"(anonymous_4)","line":31,"loc":{"start":{"line":31,"column":39},"end":{"line":31,"column":50}}},"5":{"name":"(anonymous_5)","line":40,"loc":{"start":{"line":40,"column":39},"end":{"line":40,"column":50}}},"6":{"name":"(anonymous_6)","line":49,"loc":{"start":{"line":49,"column":39},"end":{"line":49,"column":50}}},"7":{"name":"(anonymous_7)","line":59,"loc":{"start":{"line":59,"column":39},"end":{"line":59,"column":50}}},"8":{"name":"(anonymous_8)","line":68,"loc":{"start":{"line":68,"column":39},"end":{"line":68,"column":50}}},"9":{"name":"(anonymous_9)","line":77,"loc":{"start":{"line":77,"column":39},"end":{"line":77,"column":50}}},"10":{"name":"(anonymous_10)","line":86,"loc":{"start":{"line":86,"column":39},"end":{"line":86,"column":50}}},"11":{"name":"(anonymous_11)","line":95,"loc":{"start":{"line":95,"column":39},"end":{"line":95,"column":50}}},"12":{"name":"(anonymous_12)","line":104,"loc":{"start":{"line":104,"column":39},"end":{"line":104,"column":50}}},"13":{"name":"(anonymous_13)","line":113,"loc":{"start":{"line":113,"column":39},"end":{"line":113,"column":50}}},"14":{"name":"(anonymous_14)","line":122,"loc":{"start":{"line":122,"column":39},"end":{"line":122,"column":50}}},"15":{"name":"(anonymous_15)","line":131,"loc":{"start":{"line":131,"column":39},"end":{"line":131,"column":50}}},"16":{"name":"(anonymous_16)","line":140,"loc":{"start":{"line":140,"column":39},"end":{"line":140,"column":50}}},"17":{"name":"(anonymous_17)","line":149,"loc":{"start":{"line":149,"column":39},"end":{"line":149,"column":50}}},"18":{"name":"(anonymous_18)","line":158,"loc":{"start":{"line":158,"column":39},"end":{"line":158,"column":50}}},"19":{"name":"(anonymous_19)","line":167,"loc":{"start":{"line":167,"column":39},"end":{"line":167,"column":50}}},"20":{"name":"(anonymous_20)","line":176,"loc":{"start":{"line":176,"column":39},"end":{"line":176,"column":50}}},"21":{"name":"(anonymous_21)","line":185,"loc":{"start":{"line":185,"column":39},"end":{"line":185,"column":50}}},"22":{"name":"(anonymous_22)","line":194,"loc":{"start":{"line":194,"column":39},"end":{"line":194,"column":50}}},"23":{"name":"(anonymous_23)","line":204,"loc":{"start":{"line":204,"column":39},"end":{"line":204,"column":50}}},"24":{"name":"(anonymous_24)","line":213,"loc":{"start":{"line":213,"column":39},"end":{"line":213,"column":50}}},"25":{"name":"(anonymous_25)","line":222,"loc":{"start":{"line":222,"column":39},"end":{"line":222,"column":50}}},"26":{"name":"(anonymous_26)","line":231,"loc":{"start":{"line":231,"column":39},"end":{"line":231,"column":50}}},"27":{"name":"(anonymous_27)","line":240,"loc":{"start":{"line":240,"column":39},"end":{"line":240,"column":50}}},"28":{"name":"(anonymous_28)","line":249,"loc":{"start":{"line":249,"column":39},"end":{"line":249,"column":50}}},"29":{"name":"(anonymous_29)","line":258,"loc":{"start":{"line":258,"column":39},"end":{"line":258,"column":50}}},"30":{"name":"(anonymous_30)","line":267,"loc":{"start":{"line":267,"column":39},"end":{"line":267,"column":50}}},"31":{"name":"(anonymous_31)","line":276,"loc":{"start":{"line":276,"column":40},"end":{"line":276,"column":51}}},"32":{"name":"(anonymous_32)","line":286,"loc":{"start":{"line":286,"column":40},"end":{"line":286,"column":51}}},"33":{"name":"(anonymous_33)","line":295,"loc":{"start":{"line":295,"column":40},"end":{"line":295,"column":51}}},"34":{"name":"(anonymous_34)","line":304,"loc":{"start":{"line":304,"column":40},"end":{"line":304,"column":51}}},"35":{"name":"(anonymous_35)","line":314,"loc":{"start":{"line":314,"column":39},"end":{"line":314,"column":50}}},"36":{"name":"(anonymous_36)","line":323,"loc":{"start":{"line":323,"column":39},"end":{"line":323,"column":50}}},"37":{"name":"(anonymous_37)","line":332,"loc":{"start":{"line":332,"column":39},"end":{"line":332,"column":50}}},"38":{"name":"(anonymous_38)","line":341,"loc":{"start":{"line":341,"column":39},"end":{"line":341,"column":50}}},"39":{"name":"(anonymous_39)","line":350,"loc":{"start":{"line":350,"column":39},"end":{"line":350,"column":50}}},"40":{"name":"(anonymous_40)","line":359,"loc":{"start":{"line":359,"column":39},"end":{"line":359,"column":50}}},"41":{"name":"(anonymous_41)","line":368,"loc":{"start":{"line":368,"column":39},"end":{"line":368,"column":50}}},"42":{"name":"(anonymous_42)","line":378,"loc":{"start":{"line":378,"column":39},"end":{"line":378,"column":50}}},"43":{"name":"(anonymous_43)","line":390,"loc":{"start":{"line":390,"column":39},"end":{"line":390,"column":50}}},"44":{"name":"(anonymous_44)","line":400,"loc":{"start":{"line":400,"column":39},"end":{"line":400,"column":50}}},"45":{"name":"(anonymous_45)","line":409,"loc":{"start":{"line":409,"column":39},"end":{"line":409,"column":50}}},"46":{"name":"(anonymous_46)","line":418,"loc":{"start":{"line":418,"column":39},"end":{"line":418,"column":50}}},"47":{"name":"(anonymous_47)","line":427,"loc":{"start":{"line":427,"column":39},"end":{"line":427,"column":50}}},"48":{"name":"(anonymous_48)","line":436,"loc":{"start":{"line":436,"column":39},"end":{"line":436,"column":50}}},"49":{"name":"(anonymous_49)","line":447,"loc":{"start":{"line":447,"column":39},"end":{"line":447,"column":50}}},"50":{"name":"(anonymous_50)","line":457,"loc":{"start":{"line":457,"column":39},"end":{"line":457,"column":50}}},"51":{"name":"(anonymous_51)","line":467,"loc":{"start":{"line":467,"column":39},"end":{"line":467,"column":50}}},"52":{"name":"(anonymous_52)","line":477,"loc":{"start":{"line":477,"column":39},"end":{"line":477,"column":50}}},"53":{"name":"(anonymous_53)","line":487,"loc":{"start":{"line":487,"column":39},"end":{"line":487,"column":50}}},"54":{"name":"(anonymous_54)","line":496,"loc":{"start":{"line":496,"column":39},"end":{"line":496,"column":50}}},"55":{"name":"(anonymous_55)","line":505,"loc":{"start":{"line":505,"column":39},"end":{"line":505,"column":50}}},"56":{"name":"(anonymous_56)","line":514,"loc":{"start":{"line":514,"column":39},"end":{"line":514,"column":50}}},"57":{"name":"(anonymous_57)","line":523,"loc":{"start":{"line":523,"column":39},"end":{"line":523,"column":50}}},"58":{"name":"(anonymous_58)","line":532,"loc":{"start":{"line":532,"column":39},"end":{"line":532,"column":50}}},"59":{"name":"(anonymous_59)","line":541,"loc":{"start":{"line":541,"column":39},"end":{"line":541,"column":50}}},"60":{"name":"(anonymous_60)","line":550,"loc":{"start":{"line":550,"column":39},"end":{"line":550,"column":50}}},"61":{"name":"(anonymous_61)","line":559,"loc":{"start":{"line":559,"column":39},"end":{"line":559,"column":50}}},"62":{"name":"(anonymous_62)","line":568,"loc":{"start":{"line":568,"column":39},"end":{"line":568,"column":50}}},"63":{"name":"(anonymous_63)","line":577,"loc":{"start":{"line":577,"column":39},"end":{"line":577,"column":50}}},"64":{"name":"(anonymous_64)","line":586,"loc":{"start":{"line":586,"column":39},"end":{"line":586,"column":50}}},"65":{"name":"(anonymous_65)","line":595,"loc":{"start":{"line":595,"column":39},"end":{"line":595,"column":50}}},"66":{"name":"(anonymous_66)","line":604,"loc":{"start":{"line":604,"column":39},"end":{"line":604,"column":50}}},"67":{"name":"(anonymous_67)","line":613,"loc":{"start":{"line":613,"column":39},"end":{"line":613,"column":50}}}},"statementMap":{"1":{"start":{"line":1,"column":0},"end":{"line":1,"column":31}},"2":{"start":{"line":2,"column":0},"end":{"line":2,"column":38}},"3":{"start":{"line":6,"column":0},"end":{"line":622,"column":3}},"4":{"start":{"line":9,"column":1},"end":{"line":17,"column":4}},"5":{"start":{"line":10,"column":2},"end":{"line":10,"column":35}},"6":{"start":{"line":11,"column":2},"end":{"line":11,"column":27}},"7":{"start":{"line":12,"column":2},"end":{"line":12,"column":46}},"8":{"start":{"line":14,"column":2},"end":{"line":14,"column":60}},"9":{"start":{"line":15,"column":2},"end":{"line":15,"column":48}},"10":{"start":{"line":20,"column":1},"end":{"line":29,"column":4}},"11":{"start":{"line":21,"column":2},"end":{"line":21,"column":35}},"12":{"start":{"line":22,"column":2},"end":{"line":22,"column":28}},"13":{"start":{"line":24,"column":2},"end":{"line":24,"column":46}},"14":{"start":{"line":26,"column":2},"end":{"line":26,"column":45}},"15":{"start":{"line":27,"column":2},"end":{"line":27,"column":49}},"16":{"start":{"line":31,"column":1},"end":{"line":38,"column":4}},"17":{"start":{"line":32,"column":2},"end":{"line":32,"column":35}},"18":{"start":{"line":33,"column":2},"end":{"line":33,"column":30}},"19":{"start":{"line":34,"column":2},"end":{"line":34,"column":46}},"20":{"start":{"line":36,"column":2},"end":{"line":36,"column":64}},"21":{"start":{"line":37,"column":2},"end":{"line":37,"column":51}},"22":{"start":{"line":40,"column":1},"end":{"line":47,"column":4}},"23":{"start":{"line":41,"column":2},"end":{"line":41,"column":46}},"24":{"start":{"line":42,"column":2},"end":{"line":42,"column":29}},"25":{"start":{"line":43,"column":2},"end":{"line":43,"column":46}},"26":{"start":{"line":45,"column":2},"end":{"line":45,"column":65}},"27":{"start":{"line":46,"column":2},"end":{"line":46,"column":42}},"28":{"start":{"line":49,"column":1},"end":{"line":56,"column":4}},"29":{"start":{"line":50,"column":2},"end":{"line":50,"column":46}},"30":{"start":{"line":51,"column":2},"end":{"line":51,"column":30}},"31":{"start":{"line":52,"column":2},"end":{"line":52,"column":46}},"32":{"start":{"line":54,"column":2},"end":{"line":54,"column":65}},"33":{"start":{"line":55,"column":2},"end":{"line":55,"column":51}},"34":{"start":{"line":59,"column":1},"end":{"line":66,"column":4}},"35":{"start":{"line":60,"column":2},"end":{"line":60,"column":26}},"36":{"start":{"line":61,"column":2},"end":{"line":61,"column":27}},"37":{"start":{"line":62,"column":2},"end":{"line":62,"column":46}},"38":{"start":{"line":64,"column":2},"end":{"line":64,"column":51}},"39":{"start":{"line":65,"column":2},"end":{"line":65,"column":48}},"40":{"start":{"line":68,"column":1},"end":{"line":75,"column":4}},"41":{"start":{"line":69,"column":2},"end":{"line":69,"column":34}},"42":{"start":{"line":70,"column":2},"end":{"line":70,"column":27}},"43":{"start":{"line":71,"column":2},"end":{"line":71,"column":46}},"44":{"start":{"line":73,"column":2},"end":{"line":73,"column":51}},"45":{"start":{"line":74,"column":2},"end":{"line":74,"column":48}},"46":{"start":{"line":77,"column":1},"end":{"line":84,"column":4}},"47":{"start":{"line":78,"column":2},"end":{"line":78,"column":34}},"48":{"start":{"line":79,"column":2},"end":{"line":79,"column":27}},"49":{"start":{"line":80,"column":2},"end":{"line":80,"column":46}},"50":{"start":{"line":82,"column":2},"end":{"line":82,"column":51}},"51":{"start":{"line":83,"column":2},"end":{"line":83,"column":48}},"52":{"start":{"line":86,"column":1},"end":{"line":93,"column":4}},"53":{"start":{"line":87,"column":2},"end":{"line":87,"column":34}},"54":{"start":{"line":88,"column":2},"end":{"line":88,"column":27}},"55":{"start":{"line":89,"column":2},"end":{"line":89,"column":46}},"56":{"start":{"line":91,"column":2},"end":{"line":91,"column":51}},"57":{"start":{"line":92,"column":2},"end":{"line":92,"column":55}},"58":{"start":{"line":95,"column":1},"end":{"line":102,"column":4}},"59":{"start":{"line":96,"column":2},"end":{"line":96,"column":43}},"60":{"start":{"line":97,"column":2},"end":{"line":97,"column":29}},"61":{"start":{"line":98,"column":2},"end":{"line":98,"column":46}},"62":{"start":{"line":100,"column":2},"end":{"line":100,"column":62}},"63":{"start":{"line":101,"column":2},"end":{"line":101,"column":50}},"64":{"start":{"line":104,"column":1},"end":{"line":111,"column":4}},"65":{"start":{"line":105,"column":2},"end":{"line":105,"column":43}},"66":{"start":{"line":106,"column":2},"end":{"line":106,"column":29}},"67":{"start":{"line":107,"column":2},"end":{"line":107,"column":46}},"68":{"start":{"line":109,"column":2},"end":{"line":109,"column":62}},"69":{"start":{"line":110,"column":2},"end":{"line":110,"column":50}},"70":{"start":{"line":113,"column":1},"end":{"line":120,"column":4}},"71":{"start":{"line":114,"column":2},"end":{"line":114,"column":43}},"72":{"start":{"line":115,"column":2},"end":{"line":115,"column":29}},"73":{"start":{"line":116,"column":2},"end":{"line":116,"column":46}},"74":{"start":{"line":118,"column":2},"end":{"line":118,"column":62}},"75":{"start":{"line":119,"column":2},"end":{"line":119,"column":50}},"76":{"start":{"line":122,"column":1},"end":{"line":129,"column":4}},"77":{"start":{"line":123,"column":2},"end":{"line":123,"column":43}},"78":{"start":{"line":124,"column":2},"end":{"line":124,"column":29}},"79":{"start":{"line":125,"column":2},"end":{"line":125,"column":46}},"80":{"start":{"line":127,"column":2},"end":{"line":127,"column":62}},"81":{"start":{"line":128,"column":2},"end":{"line":128,"column":42}},"82":{"start":{"line":131,"column":1},"end":{"line":138,"column":4}},"83":{"start":{"line":132,"column":2},"end":{"line":132,"column":52}},"84":{"start":{"line":133,"column":2},"end":{"line":133,"column":29}},"85":{"start":{"line":134,"column":2},"end":{"line":134,"column":46}},"86":{"start":{"line":136,"column":2},"end":{"line":136,"column":71}},"87":{"start":{"line":137,"column":2},"end":{"line":137,"column":50}},"88":{"start":{"line":140,"column":1},"end":{"line":147,"column":4}},"89":{"start":{"line":141,"column":2},"end":{"line":141,"column":52}},"90":{"start":{"line":142,"column":2},"end":{"line":142,"column":29}},"91":{"start":{"line":143,"column":2},"end":{"line":143,"column":46}},"92":{"start":{"line":145,"column":2},"end":{"line":145,"column":71}},"93":{"start":{"line":146,"column":2},"end":{"line":146,"column":60}},"94":{"start":{"line":149,"column":1},"end":{"line":156,"column":4}},"95":{"start":{"line":150,"column":2},"end":{"line":150,"column":52}},"96":{"start":{"line":151,"column":2},"end":{"line":151,"column":29}},"97":{"start":{"line":152,"column":2},"end":{"line":152,"column":46}},"98":{"start":{"line":154,"column":2},"end":{"line":154,"column":71}},"99":{"start":{"line":155,"column":2},"end":{"line":155,"column":60}},"100":{"start":{"line":158,"column":1},"end":{"line":165,"column":4}},"101":{"start":{"line":159,"column":2},"end":{"line":159,"column":52}},"102":{"start":{"line":160,"column":2},"end":{"line":160,"column":29}},"103":{"start":{"line":161,"column":2},"end":{"line":161,"column":46}},"104":{"start":{"line":163,"column":2},"end":{"line":163,"column":71}},"105":{"start":{"line":164,"column":2},"end":{"line":164,"column":60}},"106":{"start":{"line":167,"column":1},"end":{"line":174,"column":4}},"107":{"start":{"line":168,"column":2},"end":{"line":168,"column":52}},"108":{"start":{"line":169,"column":2},"end":{"line":169,"column":28}},"109":{"start":{"line":170,"column":2},"end":{"line":170,"column":46}},"110":{"start":{"line":172,"column":2},"end":{"line":172,"column":62}},"111":{"start":{"line":173,"column":2},"end":{"line":173,"column":59}},"112":{"start":{"line":176,"column":1},"end":{"line":183,"column":4}},"113":{"start":{"line":177,"column":2},"end":{"line":177,"column":52}},"114":{"start":{"line":178,"column":2},"end":{"line":178,"column":28}},"115":{"start":{"line":179,"column":2},"end":{"line":179,"column":46}},"116":{"start":{"line":181,"column":2},"end":{"line":181,"column":62}},"117":{"start":{"line":182,"column":2},"end":{"line":182,"column":59}},"118":{"start":{"line":185,"column":1},"end":{"line":192,"column":4}},"119":{"start":{"line":186,"column":2},"end":{"line":186,"column":52}},"120":{"start":{"line":187,"column":2},"end":{"line":187,"column":28}},"121":{"start":{"line":188,"column":2},"end":{"line":188,"column":46}},"122":{"start":{"line":190,"column":2},"end":{"line":190,"column":53}},"123":{"start":{"line":191,"column":2},"end":{"line":191,"column":59}},"124":{"start":{"line":194,"column":1},"end":{"line":201,"column":4}},"125":{"start":{"line":195,"column":2},"end":{"line":195,"column":43}},"126":{"start":{"line":196,"column":2},"end":{"line":196,"column":28}},"127":{"start":{"line":197,"column":2},"end":{"line":197,"column":46}},"128":{"start":{"line":199,"column":2},"end":{"line":199,"column":53}},"129":{"start":{"line":200,"column":2},"end":{"line":200,"column":59}},"130":{"start":{"line":204,"column":1},"end":{"line":211,"column":4}},"131":{"start":{"line":205,"column":2},"end":{"line":205,"column":43}},"132":{"start":{"line":206,"column":2},"end":{"line":206,"column":28}},"133":{"start":{"line":207,"column":2},"end":{"line":207,"column":46}},"134":{"start":{"line":209,"column":2},"end":{"line":209,"column":63}},"135":{"start":{"line":210,"column":2},"end":{"line":210,"column":49}},"136":{"start":{"line":213,"column":1},"end":{"line":220,"column":4}},"137":{"start":{"line":214,"column":2},"end":{"line":214,"column":34}},"138":{"start":{"line":215,"column":2},"end":{"line":215,"column":28}},"139":{"start":{"line":216,"column":2},"end":{"line":216,"column":46}},"140":{"start":{"line":218,"column":2},"end":{"line":218,"column":54}},"141":{"start":{"line":219,"column":2},"end":{"line":219,"column":49}},"142":{"start":{"line":222,"column":1},"end":{"line":229,"column":4}},"143":{"start":{"line":223,"column":2},"end":{"line":223,"column":34}},"144":{"start":{"line":224,"column":2},"end":{"line":224,"column":28}},"145":{"start":{"line":225,"column":2},"end":{"line":225,"column":46}},"146":{"start":{"line":227,"column":2},"end":{"line":227,"column":54}},"147":{"start":{"line":228,"column":2},"end":{"line":228,"column":49}},"148":{"start":{"line":231,"column":1},"end":{"line":238,"column":4}},"149":{"start":{"line":232,"column":2},"end":{"line":232,"column":44}},"150":{"start":{"line":233,"column":2},"end":{"line":233,"column":28}},"151":{"start":{"line":234,"column":2},"end":{"line":234,"column":46}},"152":{"start":{"line":236,"column":2},"end":{"line":236,"column":54}},"153":{"start":{"line":237,"column":2},"end":{"line":237,"column":57}},"154":{"start":{"line":240,"column":1},"end":{"line":247,"column":4}},"155":{"start":{"line":241,"column":2},"end":{"line":241,"column":44}},"156":{"start":{"line":242,"column":2},"end":{"line":242,"column":28}},"157":{"start":{"line":243,"column":2},"end":{"line":243,"column":46}},"158":{"start":{"line":245,"column":2},"end":{"line":245,"column":54}},"159":{"start":{"line":246,"column":2},"end":{"line":246,"column":57}},"160":{"start":{"line":249,"column":1},"end":{"line":256,"column":4}},"161":{"start":{"line":250,"column":2},"end":{"line":250,"column":44}},"162":{"start":{"line":251,"column":2},"end":{"line":251,"column":28}},"163":{"start":{"line":252,"column":2},"end":{"line":252,"column":46}},"164":{"start":{"line":254,"column":2},"end":{"line":254,"column":54}},"165":{"start":{"line":255,"column":2},"end":{"line":255,"column":67}},"166":{"start":{"line":258,"column":1},"end":{"line":265,"column":4}},"167":{"start":{"line":259,"column":2},"end":{"line":259,"column":54}},"168":{"start":{"line":260,"column":2},"end":{"line":260,"column":28}},"169":{"start":{"line":261,"column":2},"end":{"line":261,"column":46}},"170":{"start":{"line":263,"column":2},"end":{"line":263,"column":64}},"171":{"start":{"line":264,"column":2},"end":{"line":264,"column":67}},"172":{"start":{"line":267,"column":1},"end":{"line":274,"column":4}},"173":{"start":{"line":268,"column":2},"end":{"line":268,"column":44}},"174":{"start":{"line":269,"column":2},"end":{"line":269,"column":28}},"175":{"start":{"line":270,"column":2},"end":{"line":270,"column":46}},"176":{"start":{"line":272,"column":2},"end":{"line":272,"column":54}},"177":{"start":{"line":273,"column":2},"end":{"line":273,"column":49}},"178":{"start":{"line":276,"column":2},"end":{"line":283,"column":5}},"179":{"start":{"line":277,"column":3},"end":{"line":277,"column":55}},"180":{"start":{"line":278,"column":3},"end":{"line":278,"column":28}},"181":{"start":{"line":279,"column":3},"end":{"line":279,"column":47}},"182":{"start":{"line":281,"column":3},"end":{"line":281,"column":65}},"183":{"start":{"line":282,"column":3},"end":{"line":282,"column":48}},"184":{"start":{"line":286,"column":2},"end":{"line":293,"column":5}},"185":{"start":{"line":287,"column":3},"end":{"line":287,"column":45}},"186":{"start":{"line":288,"column":3},"end":{"line":288,"column":29}},"187":{"start":{"line":289,"column":3},"end":{"line":289,"column":47}},"188":{"start":{"line":291,"column":3},"end":{"line":291,"column":59}},"189":{"start":{"line":292,"column":3},"end":{"line":292,"column":64}},"190":{"start":{"line":295,"column":2},"end":{"line":302,"column":5}},"191":{"start":{"line":296,"column":3},"end":{"line":296,"column":63}},"192":{"start":{"line":297,"column":3},"end":{"line":297,"column":30}},"193":{"start":{"line":298,"column":3},"end":{"line":298,"column":47}},"194":{"start":{"line":300,"column":3},"end":{"line":300,"column":63}},"195":{"start":{"line":301,"column":3},"end":{"line":301,"column":68}},"196":{"start":{"line":304,"column":2},"end":{"line":311,"column":5}},"197":{"start":{"line":305,"column":3},"end":{"line":305,"column":63}},"198":{"start":{"line":306,"column":3},"end":{"line":306,"column":30}},"199":{"start":{"line":307,"column":3},"end":{"line":307,"column":47}},"200":{"start":{"line":309,"column":3},"end":{"line":309,"column":63}},"201":{"start":{"line":310,"column":3},"end":{"line":310,"column":69}},"202":{"start":{"line":314,"column":1},"end":{"line":321,"column":4}},"203":{"start":{"line":315,"column":2},"end":{"line":315,"column":35}},"204":{"start":{"line":316,"column":2},"end":{"line":316,"column":27}},"205":{"start":{"line":317,"column":2},"end":{"line":317,"column":46}},"206":{"start":{"line":319,"column":2},"end":{"line":319,"column":53}},"207":{"start":{"line":320,"column":2},"end":{"line":320,"column":48}},"208":{"start":{"line":323,"column":1},"end":{"line":330,"column":4}},"209":{"start":{"line":324,"column":2},"end":{"line":324,"column":35}},"210":{"start":{"line":325,"column":2},"end":{"line":325,"column":28}},"211":{"start":{"line":326,"column":2},"end":{"line":326,"column":46}},"212":{"start":{"line":328,"column":2},"end":{"line":328,"column":45}},"213":{"start":{"line":329,"column":2},"end":{"line":329,"column":49}},"214":{"start":{"line":332,"column":1},"end":{"line":339,"column":4}},"215":{"start":{"line":333,"column":2},"end":{"line":333,"column":35}},"216":{"start":{"line":334,"column":2},"end":{"line":334,"column":28}},"217":{"start":{"line":335,"column":2},"end":{"line":335,"column":46}},"218":{"start":{"line":337,"column":2},"end":{"line":337,"column":45}},"219":{"start":{"line":338,"column":2},"end":{"line":338,"column":49}},"220":{"start":{"line":341,"column":1},"end":{"line":348,"column":4}},"221":{"start":{"line":342,"column":2},"end":{"line":342,"column":26}},"222":{"start":{"line":343,"column":2},"end":{"line":343,"column":28}},"223":{"start":{"line":344,"column":2},"end":{"line":344,"column":46}},"224":{"start":{"line":346,"column":2},"end":{"line":346,"column":45}},"225":{"start":{"line":347,"column":2},"end":{"line":347,"column":49}},"226":{"start":{"line":350,"column":1},"end":{"line":357,"column":4}},"227":{"start":{"line":351,"column":2},"end":{"line":351,"column":26}},"228":{"start":{"line":352,"column":2},"end":{"line":352,"column":27}},"229":{"start":{"line":353,"column":2},"end":{"line":353,"column":46}},"230":{"start":{"line":355,"column":2},"end":{"line":355,"column":44}},"231":{"start":{"line":356,"column":2},"end":{"line":356,"column":42}},"232":{"start":{"line":359,"column":1},"end":{"line":366,"column":4}},"233":{"start":{"line":360,"column":2},"end":{"line":360,"column":35}},"234":{"start":{"line":361,"column":2},"end":{"line":361,"column":28}},"235":{"start":{"line":362,"column":2},"end":{"line":362,"column":46}},"236":{"start":{"line":364,"column":2},"end":{"line":364,"column":45}},"237":{"start":{"line":365,"column":2},"end":{"line":365,"column":58}},"238":{"start":{"line":368,"column":1},"end":{"line":375,"column":4}},"239":{"start":{"line":369,"column":2},"end":{"line":369,"column":44}},"240":{"start":{"line":370,"column":2},"end":{"line":370,"column":28}},"241":{"start":{"line":371,"column":2},"end":{"line":371,"column":46}},"242":{"start":{"line":373,"column":2},"end":{"line":373,"column":54}},"243":{"start":{"line":374,"column":2},"end":{"line":374,"column":58}},"244":{"start":{"line":378,"column":1},"end":{"line":385,"column":4}},"245":{"start":{"line":379,"column":2},"end":{"line":379,"column":46}},"246":{"start":{"line":380,"column":2},"end":{"line":380,"column":28}},"247":{"start":{"line":381,"column":2},"end":{"line":381,"column":46}},"248":{"start":{"line":383,"column":2},"end":{"line":383,"column":55}},"249":{"start":{"line":384,"column":2},"end":{"line":384,"column":64}},"250":{"start":{"line":390,"column":1},"end":{"line":397,"column":4}},"251":{"start":{"line":391,"column":2},"end":{"line":391,"column":46}},"252":{"start":{"line":392,"column":2},"end":{"line":392,"column":28}},"253":{"start":{"line":393,"column":2},"end":{"line":393,"column":46}},"254":{"start":{"line":395,"column":2},"end":{"line":395,"column":45}},"255":{"start":{"line":396,"column":2},"end":{"line":396,"column":64}},"256":{"start":{"line":400,"column":1},"end":{"line":407,"column":4}},"257":{"start":{"line":401,"column":2},"end":{"line":401,"column":46}},"258":{"start":{"line":402,"column":2},"end":{"line":402,"column":28}},"259":{"start":{"line":403,"column":2},"end":{"line":403,"column":46}},"260":{"start":{"line":405,"column":2},"end":{"line":405,"column":55}},"261":{"start":{"line":406,"column":2},"end":{"line":406,"column":64}},"262":{"start":{"line":409,"column":1},"end":{"line":416,"column":4}},"263":{"start":{"line":410,"column":2},"end":{"line":410,"column":46}},"264":{"start":{"line":411,"column":2},"end":{"line":411,"column":28}},"265":{"start":{"line":412,"column":2},"end":{"line":412,"column":46}},"266":{"start":{"line":414,"column":2},"end":{"line":414,"column":55}},"267":{"start":{"line":415,"column":2},"end":{"line":415,"column":55}},"268":{"start":{"line":418,"column":1},"end":{"line":425,"column":4}},"269":{"start":{"line":419,"column":2},"end":{"line":419,"column":46}},"270":{"start":{"line":420,"column":2},"end":{"line":420,"column":28}},"271":{"start":{"line":421,"column":2},"end":{"line":421,"column":46}},"272":{"start":{"line":423,"column":2},"end":{"line":423,"column":55}},"273":{"start":{"line":424,"column":2},"end":{"line":424,"column":56}},"274":{"start":{"line":427,"column":1},"end":{"line":434,"column":4}},"275":{"start":{"line":428,"column":2},"end":{"line":428,"column":46}},"276":{"start":{"line":429,"column":2},"end":{"line":429,"column":27}},"277":{"start":{"line":430,"column":2},"end":{"line":430,"column":46}},"278":{"start":{"line":432,"column":2},"end":{"line":432,"column":64}},"279":{"start":{"line":433,"column":2},"end":{"line":433,"column":47}},"280":{"start":{"line":436,"column":1},"end":{"line":445,"column":4}},"281":{"start":{"line":437,"column":2},"end":{"line":437,"column":46}},"282":{"start":{"line":439,"column":2},"end":{"line":439,"column":27}},"283":{"start":{"line":441,"column":2},"end":{"line":441,"column":46}},"284":{"start":{"line":443,"column":2},"end":{"line":443,"column":64}},"285":{"start":{"line":444,"column":2},"end":{"line":444,"column":47}},"286":{"start":{"line":447,"column":1},"end":{"line":455,"column":4}},"287":{"start":{"line":448,"column":2},"end":{"line":448,"column":46}},"288":{"start":{"line":449,"column":2},"end":{"line":449,"column":28}},"289":{"start":{"line":451,"column":2},"end":{"line":451,"column":46}},"290":{"start":{"line":453,"column":2},"end":{"line":453,"column":45}},"291":{"start":{"line":454,"column":2},"end":{"line":454,"column":76}},"292":{"start":{"line":457,"column":1},"end":{"line":465,"column":4}},"293":{"start":{"line":458,"column":2},"end":{"line":458,"column":46}},"294":{"start":{"line":459,"column":2},"end":{"line":459,"column":28}},"295":{"start":{"line":461,"column":2},"end":{"line":461,"column":46}},"296":{"start":{"line":463,"column":2},"end":{"line":463,"column":55}},"297":{"start":{"line":464,"column":2},"end":{"line":464,"column":56}},"298":{"start":{"line":467,"column":1},"end":{"line":475,"column":4}},"299":{"start":{"line":468,"column":2},"end":{"line":468,"column":46}},"300":{"start":{"line":469,"column":2},"end":{"line":469,"column":27}},"301":{"start":{"line":471,"column":2},"end":{"line":471,"column":46}},"302":{"start":{"line":473,"column":2},"end":{"line":473,"column":64}},"303":{"start":{"line":474,"column":2},"end":{"line":474,"column":47}},"304":{"start":{"line":477,"column":1},"end":{"line":484,"column":4}},"305":{"start":{"line":478,"column":2},"end":{"line":478,"column":46}},"306":{"start":{"line":479,"column":2},"end":{"line":479,"column":28}},"307":{"start":{"line":480,"column":2},"end":{"line":480,"column":46}},"308":{"start":{"line":482,"column":2},"end":{"line":482,"column":45}},"309":{"start":{"line":483,"column":2},"end":{"line":483,"column":65}},"310":{"start":{"line":487,"column":1},"end":{"line":494,"column":4}},"311":{"start":{"line":488,"column":2},"end":{"line":488,"column":46}},"312":{"start":{"line":489,"column":2},"end":{"line":489,"column":28}},"313":{"start":{"line":490,"column":2},"end":{"line":490,"column":46}},"314":{"start":{"line":492,"column":2},"end":{"line":492,"column":45}},"315":{"start":{"line":493,"column":2},"end":{"line":493,"column":58}},"316":{"start":{"line":496,"column":1},"end":{"line":503,"column":4}},"317":{"start":{"line":497,"column":2},"end":{"line":497,"column":46}},"318":{"start":{"line":498,"column":2},"end":{"line":498,"column":27}},"319":{"start":{"line":499,"column":2},"end":{"line":499,"column":46}},"320":{"start":{"line":501,"column":2},"end":{"line":501,"column":65}},"321":{"start":{"line":502,"column":2},"end":{"line":502,"column":47}},"322":{"start":{"line":505,"column":1},"end":{"line":512,"column":4}},"323":{"start":{"line":506,"column":2},"end":{"line":506,"column":46}},"324":{"start":{"line":507,"column":2},"end":{"line":507,"column":28}},"325":{"start":{"line":508,"column":2},"end":{"line":508,"column":46}},"326":{"start":{"line":510,"column":2},"end":{"line":510,"column":56}},"327":{"start":{"line":511,"column":2},"end":{"line":511,"column":48}},"328":{"start":{"line":514,"column":1},"end":{"line":521,"column":4}},"329":{"start":{"line":515,"column":2},"end":{"line":515,"column":46}},"330":{"start":{"line":516,"column":2},"end":{"line":516,"column":28}},"331":{"start":{"line":517,"column":2},"end":{"line":517,"column":46}},"332":{"start":{"line":519,"column":2},"end":{"line":519,"column":45}},"333":{"start":{"line":520,"column":2},"end":{"line":520,"column":57}},"334":{"start":{"line":523,"column":1},"end":{"line":530,"column":4}},"335":{"start":{"line":524,"column":2},"end":{"line":524,"column":46}},"336":{"start":{"line":525,"column":2},"end":{"line":525,"column":28}},"337":{"start":{"line":526,"column":2},"end":{"line":526,"column":46}},"338":{"start":{"line":528,"column":2},"end":{"line":528,"column":45}},"339":{"start":{"line":529,"column":2},"end":{"line":529,"column":58}},"340":{"start":{"line":532,"column":1},"end":{"line":539,"column":4}},"341":{"start":{"line":533,"column":2},"end":{"line":533,"column":26}},"342":{"start":{"line":534,"column":2},"end":{"line":534,"column":27}},"343":{"start":{"line":535,"column":2},"end":{"line":535,"column":46}},"344":{"start":{"line":537,"column":2},"end":{"line":537,"column":44}},"345":{"start":{"line":538,"column":2},"end":{"line":538,"column":47}},"346":{"start":{"line":541,"column":1},"end":{"line":548,"column":4}},"347":{"start":{"line":542,"column":2},"end":{"line":542,"column":26}},"348":{"start":{"line":543,"column":2},"end":{"line":543,"column":27}},"349":{"start":{"line":544,"column":2},"end":{"line":544,"column":46}},"350":{"start":{"line":546,"column":2},"end":{"line":546,"column":44}},"351":{"start":{"line":547,"column":2},"end":{"line":547,"column":54}},"352":{"start":{"line":550,"column":1},"end":{"line":557,"column":4}},"353":{"start":{"line":551,"column":2},"end":{"line":551,"column":33}},"354":{"start":{"line":552,"column":2},"end":{"line":552,"column":27}},"355":{"start":{"line":553,"column":2},"end":{"line":553,"column":46}},"356":{"start":{"line":555,"column":2},"end":{"line":555,"column":44}},"357":{"start":{"line":556,"column":2},"end":{"line":556,"column":54}},"358":{"start":{"line":559,"column":1},"end":{"line":566,"column":4}},"359":{"start":{"line":560,"column":2},"end":{"line":560,"column":33}},"360":{"start":{"line":561,"column":2},"end":{"line":561,"column":27}},"361":{"start":{"line":562,"column":2},"end":{"line":562,"column":46}},"362":{"start":{"line":564,"column":2},"end":{"line":564,"column":59}},"363":{"start":{"line":565,"column":2},"end":{"line":565,"column":47}},"364":{"start":{"line":568,"column":1},"end":{"line":575,"column":4}},"365":{"start":{"line":569,"column":2},"end":{"line":569,"column":42}},"366":{"start":{"line":570,"column":2},"end":{"line":570,"column":27}},"367":{"start":{"line":571,"column":2},"end":{"line":571,"column":46}},"368":{"start":{"line":573,"column":2},"end":{"line":573,"column":53}},"369":{"start":{"line":574,"column":2},"end":{"line":574,"column":61}},"370":{"start":{"line":577,"column":1},"end":{"line":584,"column":4}},"371":{"start":{"line":578,"column":2},"end":{"line":578,"column":42}},"372":{"start":{"line":579,"column":2},"end":{"line":579,"column":27}},"373":{"start":{"line":580,"column":2},"end":{"line":580,"column":46}},"374":{"start":{"line":582,"column":2},"end":{"line":582,"column":53}},"375":{"start":{"line":583,"column":2},"end":{"line":583,"column":47}},"376":{"start":{"line":586,"column":1},"end":{"line":593,"column":4}},"377":{"start":{"line":587,"column":2},"end":{"line":587,"column":42}},"378":{"start":{"line":588,"column":2},"end":{"line":588,"column":27}},"379":{"start":{"line":589,"column":2},"end":{"line":589,"column":46}},"380":{"start":{"line":591,"column":2},"end":{"line":591,"column":61}},"381":{"start":{"line":592,"column":2},"end":{"line":592,"column":42}},"382":{"start":{"line":595,"column":1},"end":{"line":602,"column":4}},"383":{"start":{"line":596,"column":2},"end":{"line":596,"column":51}},"384":{"start":{"line":597,"column":2},"end":{"line":597,"column":27}},"385":{"start":{"line":598,"column":2},"end":{"line":598,"column":46}},"386":{"start":{"line":600,"column":2},"end":{"line":600,"column":70}},"387":{"start":{"line":601,"column":2},"end":{"line":601,"column":54}},"388":{"start":{"line":604,"column":1},"end":{"line":611,"column":4}},"389":{"start":{"line":605,"column":2},"end":{"line":605,"column":51}},"390":{"start":{"line":606,"column":2},"end":{"line":606,"column":28}},"391":{"start":{"line":607,"column":2},"end":{"line":607,"column":46}},"392":{"start":{"line":609,"column":2},"end":{"line":609,"column":46}},"393":{"start":{"line":610,"column":2},"end":{"line":610,"column":64}},"394":{"start":{"line":613,"column":1},"end":{"line":620,"column":4}},"395":{"start":{"line":614,"column":2},"end":{"line":614,"column":51}},"396":{"start":{"line":615,"column":2},"end":{"line":615,"column":28}},"397":{"start":{"line":616,"column":2},"end":{"line":616,"column":46}},"398":{"start":{"line":618,"column":2},"end":{"line":618,"column":46}},"399":{"start":{"line":619,"column":2},"end":{"line":619,"column":73}}},"branchMap":{}},"/Users/alessio/Documents/projects/Bridges/algo2.js":{"path":"/Users/alessio/Documents/projects/Bridges/algo2.js","s":{"1":1,"2":66,"3":66,"4":66,"5":66,"6":66,"7":66,"8":173,"9":173,"10":31,"11":27,"12":4,"13":4,"14":142,"15":61,"16":48,"17":48,"18":13,"19":13,"20":81,"21":19,"22":66,"23":190,"24":190,"25":59,"26":44,"27":15,"28":13,"29":2,"30":15,"31":131,"32":36,"33":2,"34":36,"35":36,"36":95,"37":29,"38":21,"39":8,"40":66,"41":39,"42":131,"43":66,"44":2,"45":66,"46":1},"b":{"1":[31,142],"2":[173,77],"3":[27,4],"4":[61,81],"5":[142,96],"6":[48,13],"7":[19,62],"8":[59,131],"9":[44,15],"10":[13,2],"11":[36,95],"12":[2,34],"13":[29,66],"14":[21,8],"15":[39,27],"16":[2,64]},"f":{"1":66},"fnMap":{"1":{"name":"c","line":32,"loc":{"start":{"line":32,"column":0},"end":{"line":32,"column":33}}}},"statementMap":{"1":{"start":{"line":32,"column":0},"end":{"line":128,"column":1}},"2":{"start":{"line":34,"column":1},"end":{"line":34,"column":48}},"3":{"start":{"line":35,"column":1},"end":{"line":35,"column":47}},"4":{"start":{"line":36,"column":1},"end":{"line":36,"column":16}},"5":{"start":{"line":37,"column":1},"end":{"line":37,"column":33}},"6":{"start":{"line":38,"column":1},"end":{"line":38,"column":20}},"7":{"start":{"line":41,"column":1},"end":{"line":71,"column":2}},"8":{"start":{"line":42,"column":2},"end":{"line":42,"column":28}},"9":{"start":{"line":43,"column":2},"end":{"line":69,"column":3}},"10":{"start":{"line":44,"column":3},"end":{"line":52,"column":4}},"11":{"start":{"line":46,"column":4},"end":{"line":46,"column":45}},"12":{"start":{"line":50,"column":4},"end":{"line":50,"column":27}},"13":{"start":{"line":51,"column":4},"end":{"line":51,"column":24}},"14":{"start":{"line":54,"column":7},"end":{"line":69,"column":3}},"15":{"start":{"line":55,"column":3},"end":{"line":64,"column":4}},"16":{"start":{"line":57,"column":4},"end":{"line":57,"column":70}},"17":{"start":{"line":58,"column":4},"end":{"line":58,"column":48}},"18":{"start":{"line":62,"column":4},"end":{"line":62,"column":70}},"19":{"start":{"line":63,"column":4},"end":{"line":63,"column":24}},"20":{"start":{"line":66,"column":7},"end":{"line":69,"column":3}},"21":{"start":{"line":68,"column":3},"end":{"line":68,"column":23}},"22":{"start":{"line":73,"column":1},"end":{"line":118,"column":2}},"23":{"start":{"line":74,"column":2},"end":{"line":74,"column":28}},"24":{"start":{"line":75,"column":2},"end":{"line":117,"column":3}},"25":{"start":{"line":76,"column":3},"end":{"line":90,"column":4}},"26":{"start":{"line":78,"column":4},"end":{"line":78,"column":28}},"27":{"start":{"line":81,"column":4},"end":{"line":88,"column":5}},"28":{"start":{"line":83,"column":5},"end":{"line":83,"column":37}},"29":{"start":{"line":87,"column":5},"end":{"line":87,"column":29}},"30":{"start":{"line":89,"column":4},"end":{"line":89,"column":31}},"31":{"start":{"line":93,"column":3},"end":{"line":115,"column":4}},"32":{"start":{"line":95,"column":4},"end":{"line":97,"column":5}},"33":{"start":{"line":96,"column":5},"end":{"line":96,"column":29}},"34":{"start":{"line":98,"column":4},"end":{"line":98,"column":28}},"35":{"start":{"line":99,"column":4},"end":{"line":99,"column":31}},"36":{"start":{"line":102,"column":4},"end":{"line":114,"column":5}},"37":{"start":{"line":104,"column":5},"end":{"line":109,"column":6}},"38":{"start":{"line":105,"column":6},"end":{"line":105,"column":50}},"39":{"start":{"line":108,"column":6},"end":{"line":108,"column":40}},"40":{"start":{"line":111,"column":9},"end":{"line":114,"column":5}},"41":{"start":{"line":113,"column":5},"end":{"line":113,"column":28}},"42":{"start":{"line":116,"column":3},"end":{"line":116,"column":30}},"43":{"start":{"line":119,"column":1},"end":{"line":122,"column":2}},"44":{"start":{"line":121,"column":2},"end":{"line":121,"column":26}},"45":{"start":{"line":124,"column":1},"end":{"line":127,"column":3}},"46":{"start":{"line":130,"column":0},"end":{"line":130,"column":19}}},"branchMap":{"1":{"line":43,"type":"if","locations":[{"start":{"line":43,"column":2},"end":{"line":43,"column":2}},{"start":{"line":43,"column":2},"end":{"line":43,"column":2}}]},"2":{"line":43,"type":"binary-expr","locations":[{"start":{"line":43,"column":5},"end":{"line":43,"column":25}},{"start":{"line":43,"column":29},"end":{"line":43,"column":48}}]},"3":{"line":44,"type":"if","locations":[{"start":{"line":44,"column":3},"end":{"line":44,"column":3}},{"start":{"line":44,"column":3},"end":{"line":44,"column":3}}]},"4":{"line":54,"type":"if","locations":[{"start":{"line":54,"column":7},"end":{"line":54,"column":7}},{"start":{"line":54,"column":7},"end":{"line":54,"column":7}}]},"5":{"line":54,"type":"binary-expr","locations":[{"start":{"line":54,"column":10},"end":{"line":54,"column":29}},{"start":{"line":54,"column":33},"end":{"line":54,"column":52}}]},"6":{"line":55,"type":"if","locations":[{"start":{"line":55,"column":3},"end":{"line":55,"column":3}},{"start":{"line":55,"column":3},"end":{"line":55,"column":3}}]},"7":{"line":66,"type":"if","locations":[{"start":{"line":66,"column":7},"end":{"line":66,"column":7}},{"start":{"line":66,"column":7},"end":{"line":66,"column":7}}]},"8":{"line":75,"type":"if","locations":[{"start":{"line":75,"column":2},"end":{"line":75,"column":2}},{"start":{"line":75,"column":2},"end":{"line":75,"column":2}}]},"9":{"line":76,"type":"if","locations":[{"start":{"line":76,"column":3},"end":{"line":76,"column":3}},{"start":{"line":76,"column":3},"end":{"line":76,"column":3}}]},"10":{"line":81,"type":"if","locations":[{"start":{"line":81,"column":4},"end":{"line":81,"column":4}},{"start":{"line":81,"column":4},"end":{"line":81,"column":4}}]},"11":{"line":93,"type":"if","locations":[{"start":{"line":93,"column":3},"end":{"line":93,"column":3}},{"start":{"line":93,"column":3},"end":{"line":93,"column":3}}]},"12":{"line":95,"type":"if","locations":[{"start":{"line":95,"column":4},"end":{"line":95,"column":4}},{"start":{"line":95,"column":4},"end":{"line":95,"column":4}}]},"13":{"line":102,"type":"if","locations":[{"start":{"line":102,"column":4},"end":{"line":102,"column":4}},{"start":{"line":102,"column":4},"end":{"line":102,"column":4}}]},"14":{"line":104,"type":"if","locations":[{"start":{"line":104,"column":5},"end":{"line":104,"column":5}},{"start":{"line":104,"column":5},"end":{"line":104,"column":5}}]},"15":{"line":111,"type":"if","locations":[{"start":{"line":111,"column":9},"end":{"line":111,"column":9}},{"start":{"line":111,"column":9},"end":{"line":111,"column":9}}]},"16":{"line":119,"type":"if","locations":[{"start":{"line":119,"column":1},"end":{"line":119,"column":1}},{"start":{"line":119,"column":1},"end":{"line":119,"column":1}}]}}}}