TN:
SF:/Users/danieletomasi/projects/intervals/test.js
FN:6,(anonymous_1)
FN:9,(anonymous_2)
FN:20,(anonymous_3)
FN:31,(anonymous_4)
FN:40,(anonymous_5)
FN:49,(anonymous_6)
FN:59,(anonymous_7)
FN:68,(anonymous_8)
FN:77,(anonymous_9)
FN:86,(anonymous_10)
FN:95,(anonymous_11)
FN:104,(anonymous_12)
FN:113,(anonymous_13)
FN:122,(anonymous_14)
FN:131,(anonymous_15)
FN:140,(anonymous_16)
FN:149,(anonymous_17)
FN:158,(anonymous_18)
FN:167,(anonymous_19)
FN:176,(anonymous_20)
FN:185,(anonymous_21)
FN:194,(anonymous_22)
FN:204,(anonymous_23)
FN:213,(anonymous_24)
FN:222,(anonymous_25)
FN:231,(anonymous_26)
FN:240,(anonymous_27)
FN:249,(anonymous_28)
FN:258,(anonymous_29)
FN:267,(anonymous_30)
FN:276,(anonymous_31)
FN:286,(anonymous_32)
FN:295,(anonymous_33)
FN:304,(anonymous_34)
FN:319,(anonymous_35)
FN:321,(anonymous_36)
FN:330,(anonymous_37)
FN:339,(anonymous_38)
FN:348,(anonymous_39)
FN:357,(anonymous_40)
FN:366,(anonymous_41)
FN:375,(anonymous_42)
FN:385,(anonymous_43)
FN:397,(anonymous_44)
FN:407,(anonymous_45)
FN:416,(anonymous_46)
FN:425,(anonymous_47)
FN:434,(anonymous_48)
FN:443,(anonymous_49)
FN:454,(anonymous_50)
FN:464,(anonymous_51)
FN:474,(anonymous_52)
FN:484,(anonymous_53)
FN:494,(anonymous_54)
FN:503,(anonymous_55)
FN:512,(anonymous_56)
FN:521,(anonymous_57)
FN:530,(anonymous_58)
FN:539,(anonymous_59)
FN:548,(anonymous_60)
FN:557,(anonymous_61)
FN:566,(anonymous_62)
FN:575,(anonymous_63)
FN:584,(anonymous_64)
FN:593,(anonymous_65)
FN:602,(anonymous_66)
FN:611,(anonymous_67)
FN:620,(anonymous_68)
FNF:68
FNH:68
FNDA:1,(anonymous_1)
FNDA:1,(anonymous_2)
FNDA:1,(anonymous_3)
FNDA:1,(anonymous_4)
FNDA:1,(anonymous_5)
FNDA:1,(anonymous_6)
FNDA:1,(anonymous_7)
FNDA:1,(anonymous_8)
FNDA:1,(anonymous_9)
FNDA:1,(anonymous_10)
FNDA:1,(anonymous_11)
FNDA:1,(anonymous_12)
FNDA:1,(anonymous_13)
FNDA:1,(anonymous_14)
FNDA:1,(anonymous_15)
FNDA:1,(anonymous_16)
FNDA:1,(anonymous_17)
FNDA:1,(anonymous_18)
FNDA:1,(anonymous_19)
FNDA:1,(anonymous_20)
FNDA:1,(anonymous_21)
FNDA:1,(anonymous_22)
FNDA:1,(anonymous_23)
FNDA:1,(anonymous_24)
FNDA:1,(anonymous_25)
FNDA:1,(anonymous_26)
FNDA:1,(anonymous_27)
FNDA:1,(anonymous_28)
FNDA:1,(anonymous_29)
FNDA:1,(anonymous_30)
FNDA:1,(anonymous_31)
FNDA:1,(anonymous_32)
FNDA:1,(anonymous_33)
FNDA:1,(anonymous_34)
FNDA:1,(anonymous_35)
FNDA:1,(anonymous_36)
FNDA:1,(anonymous_37)
FNDA:1,(anonymous_38)
FNDA:1,(anonymous_39)
FNDA:1,(anonymous_40)
FNDA:1,(anonymous_41)
FNDA:1,(anonymous_42)
FNDA:1,(anonymous_43)
FNDA:1,(anonymous_44)
FNDA:1,(anonymous_45)
FNDA:1,(anonymous_46)
FNDA:1,(anonymous_47)
FNDA:1,(anonymous_48)
FNDA:1,(anonymous_49)
FNDA:1,(anonymous_50)
FNDA:1,(anonymous_51)
FNDA:1,(anonymous_52)
FNDA:1,(anonymous_53)
FNDA:1,(anonymous_54)
FNDA:1,(anonymous_55)
FNDA:1,(anonymous_56)
FNDA:1,(anonymous_57)
FNDA:1,(anonymous_58)
FNDA:1,(anonymous_59)
FNDA:1,(anonymous_60)
FNDA:1,(anonymous_61)
FNDA:1,(anonymous_62)
FNDA:1,(anonymous_63)
FNDA:1,(anonymous_64)
FNDA:1,(anonymous_65)
FNDA:1,(anonymous_66)
FNDA:1,(anonymous_67)
FNDA:1,(anonymous_68)
DA:1,1
DA:2,1
DA:6,1
DA:9,1
DA:10,1
DA:11,1
DA:12,1
DA:14,1
DA:15,1
DA:20,1
DA:21,1
DA:22,1
DA:24,1
DA:26,1
DA:27,1
DA:31,1
DA:32,1
DA:33,1
DA:34,1
DA:36,1
DA:37,1
DA:40,1
DA:41,1
DA:42,1
DA:43,1
DA:45,1
DA:46,1
DA:49,1
DA:50,1
DA:51,1
DA:52,1
DA:54,1
DA:55,1
DA:59,1
DA:60,1
DA:61,1
DA:62,1
DA:64,1
DA:65,1
DA:68,1
DA:69,1
DA:70,1
DA:71,1
DA:73,1
DA:74,1
DA:77,1
DA:78,1
DA:79,1
DA:80,1
DA:82,1
DA:83,1
DA:86,1
DA:87,1
DA:88,1
DA:89,1
DA:91,1
DA:92,1
DA:95,1
DA:96,1
DA:97,1
DA:98,1
DA:100,1
DA:101,1
DA:104,1
DA:105,1
DA:106,1
DA:107,1
DA:109,1
DA:110,1
DA:113,1
DA:114,1
DA:115,1
DA:116,1
DA:118,1
DA:119,1
DA:122,1
DA:123,1
DA:124,1
DA:125,1
DA:127,1
DA:128,1
DA:131,1
DA:132,1
DA:133,1
DA:134,1
DA:136,1
DA:137,1
DA:140,1
DA:141,1
DA:142,1
DA:143,1
DA:145,1
DA:146,1
DA:149,1
DA:150,1
DA:151,1
DA:152,1
DA:154,1
DA:155,1
DA:158,1
DA:159,1
DA:160,1
DA:161,1
DA:163,1
DA:164,1
DA:167,1
DA:168,1
DA:169,1
DA:170,1
DA:172,1
DA:173,1
DA:176,1
DA:177,1
DA:178,1
DA:179,1
DA:181,1
DA:182,1
DA:185,1
DA:186,1
DA:187,1
DA:188,1
DA:190,1
DA:191,1
DA:194,1
DA:195,1
DA:196,1
DA:197,1
DA:199,1
DA:200,1
DA:204,1
DA:205,1
DA:206,1
DA:207,1
DA:209,1
DA:210,1
DA:213,1
DA:214,1
DA:215,1
DA:216,1
DA:218,1
DA:219,1
DA:222,1
DA:223,1
DA:224,1
DA:225,1
DA:227,1
DA:228,1
DA:231,1
DA:232,1
DA:233,1
DA:234,1
DA:236,1
DA:237,1
DA:240,1
DA:241,1
DA:242,1
DA:243,1
DA:245,1
DA:246,1
DA:249,1
DA:250,1
DA:251,1
DA:252,1
DA:254,1
DA:255,1
DA:258,1
DA:259,1
DA:260,1
DA:261,1
DA:263,1
DA:264,1
DA:267,1
DA:268,1
DA:269,1
DA:270,1
DA:272,1
DA:273,1
DA:276,1
DA:277,1
DA:278,1
DA:279,1
DA:281,1
DA:282,1
DA:286,1
DA:287,1
DA:288,1
DA:289,1
DA:291,1
DA:292,1
DA:295,1
DA:296,1
DA:297,1
DA:298,1
DA:300,1
DA:301,1
DA:304,1
DA:305,1
DA:306,1
DA:307,1
DA:309,1
DA:310,1
DA:319,1
DA:321,1
DA:322,1
DA:323,1
DA:324,1
DA:326,1
DA:327,1
DA:330,1
DA:331,1
DA:332,1
DA:333,1
DA:335,1
DA:336,1
DA:339,1
DA:340,1
DA:341,1
DA:342,1
DA:344,1
DA:345,1
DA:348,1
DA:349,1
DA:350,1
DA:351,1
DA:353,1
DA:354,1
DA:357,1
DA:358,1
DA:359,1
DA:360,1
DA:362,1
DA:363,1
DA:366,1
DA:367,1
DA:368,1
DA:369,1
DA:371,1
DA:372,1
DA:375,1
DA:376,1
DA:377,1
DA:378,1
DA:380,1
DA:381,1
DA:385,1
DA:386,1
DA:387,1
DA:388,1
DA:390,1
DA:391,1
DA:397,1
DA:398,1
DA:399,1
DA:400,1
DA:402,1
DA:403,1
DA:407,1
DA:408,1
DA:409,1
DA:410,1
DA:412,1
DA:413,1
DA:416,1
DA:417,1
DA:418,1
DA:419,1
DA:421,1
DA:422,1
DA:425,1
DA:426,1
DA:427,1
DA:428,1
DA:430,1
DA:431,1
DA:434,1
DA:435,1
DA:436,1
DA:437,1
DA:439,1
DA:440,1
DA:443,1
DA:444,1
DA:446,1
DA:448,1
DA:450,1
DA:451,1
DA:454,1
DA:455,1
DA:456,1
DA:458,1
DA:460,1
DA:461,1
DA:464,1
DA:465,1
DA:466,1
DA:468,1
DA:470,1
DA:471,1
DA:474,1
DA:475,1
DA:476,1
DA:478,1
DA:480,1
DA:481,1
DA:484,1
DA:485,1
DA:486,1
DA:487,1
DA:489,1
DA:490,1
DA:494,1
DA:495,1
DA:496,1
DA:497,1
DA:499,1
DA:500,1
DA:503,1
DA:504,1
DA:505,1
DA:506,1
DA:508,1
DA:509,1
DA:512,1
DA:513,1
DA:514,1
DA:515,1
DA:517,1
DA:518,1
DA:521,1
DA:522,1
DA:523,1
DA:524,1
DA:526,1
DA:527,1
DA:530,1
DA:531,1
DA:532,1
DA:533,1
DA:535,1
DA:536,1
DA:539,1
DA:540,1
DA:541,1
DA:542,1
DA:544,1
DA:545,1
DA:548,1
DA:549,1
DA:550,1
DA:551,1
DA:553,1
DA:554,1
DA:557,1
DA:558,1
DA:559,1
DA:560,1
DA:562,1
DA:563,1
DA:566,1
DA:567,1
DA:568,1
DA:569,1
DA:571,1
DA:572,1
DA:575,1
DA:576,1
DA:577,1
DA:578,1
DA:580,1
DA:581,1
DA:584,1
DA:585,1
DA:586,1
DA:587,1
DA:589,1
DA:590,1
DA:593,1
DA:594,1
DA:595,1
DA:596,1
DA:598,1
DA:599,1
DA:602,1
DA:603,1
DA:604,1
DA:605,1
DA:607,1
DA:608,1
DA:611,1
DA:612,1
DA:613,1
DA:614,1
DA:616,1
DA:617,1
DA:620,1
DA:621,1
DA:622,1
DA:623,1
DA:625,1
DA:626,1
LF:400
LH:400
BRF:0
BRH:0
end_of_record
TN:
SF:/Users/danieletomasi/projects/intervals/algo.js
FN:3,c
FNF:1
FNH:1
FNDA:108,c
DA:3,1
DA:5,108
DA:8,108
DA:9,108
DA:10,108
DA:14,108
DA:18,31
DA:20,31
DA:24,2
DA:25,3
DA:29,2
DA:32,2
DA:34,29
DA:37,3
DA:40,3
DA:45,26
DA:47,26
DA:50,4
DA:54,22
DA:56,2
DA:59,2
DA:60,2
DA:64,22
DA:67,29
DA:69,8
DA:70,4
DA:72,4
DA:77,8
DA:81,8
DA:83,8
DA:84,21
DA:86,5
DA:87,2
DA:89,3
DA:94,5
DA:96,5
DA:98,5
DA:99,5
DA:102,16
DA:103,3
DA:105,13
DA:109,16
DA:113,5
DA:115,5
DA:118,5
DA:119,5
DA:122,11
DA:125,11
DA:128,11
DA:130,2
DA:131,2
DA:133,2
DA:137,9
DA:144,77
DA:146,18
DA:149,2
DA:153,16
DA:156,3
DA:157,3
DA:160,13
DA:164,16
DA:167,22
DA:169,3
DA:174,3
DA:178,3
DA:180,3
DA:181,19
DA:183,6
DA:187,6
DA:189,6
DA:191,6
DA:192,6
DA:195,13
DA:198,13
DA:202,2
DA:204,2
DA:207,2
DA:208,2
DA:212,11
DA:215,11
DA:218,11
DA:220,2
DA:221,2
DA:224,2
DA:228,9
DA:237,59
DA:239,15
DA:244,13
DA:247,4
DA:248,4
DA:251,9
DA:255,13
DA:257,11
DA:260,3
DA:263,3
DA:265,8
DA:267,2
DA:270,2
DA:272,2
DA:275,6
DA:278,6
DA:281,2
DA:284,2
DA:285,2
DA:288,4
DA:291,4
DA:294,4
DA:296,2
DA:298,2
DA:302,2
DA:313,44
DA:314,2
DA:315,2
DA:317,42
DA:318,42
DA:319,42
DA:325,108
DA:332,1
LF:118
LH:118
BRDA:8,1,0,108
BRDA:8,1,1,66
BRDA:14,2,0,31
BRDA:14,2,1,77
BRDA:20,3,0,2
BRDA:20,3,1,29
BRDA:34,4,0,3
BRDA:34,4,1,26
BRDA:47,5,0,4
BRDA:47,5,1,22
BRDA:54,6,0,2
BRDA:54,6,1,20
BRDA:67,7,0,8
BRDA:67,7,1,21
BRDA:69,8,0,4
BRDA:69,8,1,4
BRDA:84,9,0,5
BRDA:84,9,1,16
BRDA:86,10,0,2
BRDA:86,10,1,3
BRDA:102,11,0,3
BRDA:102,11,1,13
BRDA:109,12,0,5
BRDA:109,12,1,11
BRDA:128,13,0,2
BRDA:128,13,1,9
BRDA:144,14,0,18
BRDA:144,14,1,59
BRDA:146,15,0,2
BRDA:146,15,1,16
BRDA:153,16,0,3
BRDA:153,16,1,13
BRDA:167,17,0,3
BRDA:167,17,1,19
BRDA:181,18,0,6
BRDA:181,18,1,13
BRDA:198,19,0,2
BRDA:198,19,1,11
BRDA:218,20,0,2
BRDA:218,20,1,9
BRDA:237,21,0,15
BRDA:237,21,1,44
BRDA:239,22,0,2
BRDA:239,22,1,13
BRDA:244,23,0,4
BRDA:244,23,1,9
BRDA:257,24,0,3
BRDA:257,24,1,8
BRDA:265,25,0,2
BRDA:265,25,1,6
BRDA:278,26,0,2
BRDA:278,26,1,4
BRDA:294,27,0,2
BRDA:294,27,1,2
BRDA:313,28,0,2
BRDA:313,28,1,42
BRF:56
BRH:56
end_of_record
