TN:
SF:/Users/alessio/Documents/projects/Bridges/test2.js
FN:6,(anonymous_1)
FN:9,(anonymous_2)
FN:20,(anonymous_3)
FN:31,(anonymous_4)
FN:40,(anonymous_5)
FN:49,(anonymous_6)
FN:59,(anonymous_7)
FN:68,(anonymous_8)
FN:77,(anonymous_9)
FN:86,(anonymous_10)
FN:95,(anonymous_11)
FN:104,(anonymous_12)
FN:113,(anonymous_13)
FN:122,(anonymous_14)
FN:131,(anonymous_15)
FN:140,(anonymous_16)
FN:149,(anonymous_17)
FN:158,(anonymous_18)
FN:167,(anonymous_19)
FN:176,(anonymous_20)
FN:185,(anonymous_21)
FN:194,(anonymous_22)
FN:204,(anonymous_23)
FN:213,(anonymous_24)
FN:222,(anonymous_25)
FN:231,(anonymous_26)
FN:240,(anonymous_27)
FN:249,(anonymous_28)
FN:258,(anonymous_29)
FN:267,(anonymous_30)
FN:276,(anonymous_31)
FN:286,(anonymous_32)
FN:295,(anonymous_33)
FN:304,(anonymous_34)
FN:314,(anonymous_35)
FN:323,(anonymous_36)
FN:332,(anonymous_37)
FN:341,(anonymous_38)
FN:350,(anonymous_39)
FN:359,(anonymous_40)
FN:368,(anonymous_41)
FN:378,(anonymous_42)
FN:390,(anonymous_43)
FN:400,(anonymous_44)
FN:409,(anonymous_45)
FN:418,(anonymous_46)
FN:427,(anonymous_47)
FN:436,(anonymous_48)
FN:447,(anonymous_49)
FN:457,(anonymous_50)
FN:467,(anonymous_51)
FN:477,(anonymous_52)
FN:487,(anonymous_53)
FN:496,(anonymous_54)
FN:505,(anonymous_55)
FN:514,(anonymous_56)
FN:523,(anonymous_57)
FN:532,(anonymous_58)
FN:541,(anonymous_59)
FN:550,(anonymous_60)
FN:559,(anonymous_61)
FN:568,(anonymous_62)
FN:577,(anonymous_63)
FN:586,(anonymous_64)
FN:595,(anonymous_65)
FN:604,(anonymous_66)
FN:613,(anonymous_67)
FNF:67
FNH:67
FNDA:1,(anonymous_1)
FNDA:1,(anonymous_2)
FNDA:1,(anonymous_3)
FNDA:1,(anonymous_4)
FNDA:1,(anonymous_5)
FNDA:1,(anonymous_6)
FNDA:1,(anonymous_7)
FNDA:1,(anonymous_8)
FNDA:1,(anonymous_9)
FNDA:1,(anonymous_10)
FNDA:1,(anonymous_11)
FNDA:1,(anonymous_12)
FNDA:1,(anonymous_13)
FNDA:1,(anonymous_14)
FNDA:1,(anonymous_15)
FNDA:1,(anonymous_16)
FNDA:1,(anonymous_17)
FNDA:1,(anonymous_18)
FNDA:1,(anonymous_19)
FNDA:1,(anonymous_20)
FNDA:1,(anonymous_21)
FNDA:1,(anonymous_22)
FNDA:1,(anonymous_23)
FNDA:1,(anonymous_24)
FNDA:1,(anonymous_25)
FNDA:1,(anonymous_26)
FNDA:1,(anonymous_27)
FNDA:1,(anonymous_28)
FNDA:1,(anonymous_29)
FNDA:1,(anonymous_30)
FNDA:1,(anonymous_31)
FNDA:1,(anonymous_32)
FNDA:1,(anonymous_33)
FNDA:1,(anonymous_34)
FNDA:1,(anonymous_35)
FNDA:1,(anonymous_36)
FNDA:1,(anonymous_37)
FNDA:1,(anonymous_38)
FNDA:1,(anonymous_39)
FNDA:1,(anonymous_40)
FNDA:1,(anonymous_41)
FNDA:1,(anonymous_42)
FNDA:1,(anonymous_43)
FNDA:1,(anonymous_44)
FNDA:1,(anonymous_45)
FNDA:1,(anonymous_46)
FNDA:1,(anonymous_47)
FNDA:1,(anonymous_48)
FNDA:1,(anonymous_49)
FNDA:1,(anonymous_50)
FNDA:1,(anonymous_51)
FNDA:1,(anonymous_52)
FNDA:1,(anonymous_53)
FNDA:1,(anonymous_54)
FNDA:1,(anonymous_55)
FNDA:1,(anonymous_56)
FNDA:1,(anonymous_57)
FNDA:1,(anonymous_58)
FNDA:1,(anonymous_59)
FNDA:1,(anonymous_60)
FNDA:1,(anonymous_61)
FNDA:1,(anonymous_62)
FNDA:1,(anonymous_63)
FNDA:1,(anonymous_64)
FNDA:1,(anonymous_65)
FNDA:1,(anonymous_66)
FNDA:1,(anonymous_67)
DA:1,1
DA:2,1
DA:6,1
DA:9,1
DA:10,1
DA:11,1
DA:12,1
DA:14,1
DA:15,1
DA:20,1
DA:21,1
DA:22,1
DA:24,1
DA:26,1
DA:27,1
DA:31,1
DA:32,1
DA:33,1
DA:34,1
DA:36,1
DA:37,1
DA:40,1
DA:41,1
DA:42,1
DA:43,1
DA:45,1
DA:46,1
DA:49,1
DA:50,1
DA:51,1
DA:52,1
DA:54,1
DA:55,1
DA:59,1
DA:60,1
DA:61,1
DA:62,1
DA:64,1
DA:65,1
DA:68,1
DA:69,1
DA:70,1
DA:71,1
DA:73,1
DA:74,1
DA:77,1
DA:78,1
DA:79,1
DA:80,1
DA:82,1
DA:83,1
DA:86,1
DA:87,1
DA:88,1
DA:89,1
DA:91,1
DA:92,1
DA:95,1
DA:96,1
DA:97,1
DA:98,1
DA:100,1
DA:101,1
DA:104,1
DA:105,1
DA:106,1
DA:107,1
DA:109,1
DA:110,1
DA:113,1
DA:114,1
DA:115,1
DA:116,1
DA:118,1
DA:119,1
DA:122,1
DA:123,1
DA:124,1
DA:125,1
DA:127,1
DA:128,1
DA:131,1
DA:132,1
DA:133,1
DA:134,1
DA:136,1
DA:137,1
DA:140,1
DA:141,1
DA:142,1
DA:143,1
DA:145,1
DA:146,1
DA:149,1
DA:150,1
DA:151,1
DA:152,1
DA:154,1
DA:155,1
DA:158,1
DA:159,1
DA:160,1
DA:161,1
DA:163,1
DA:164,1
DA:167,1
DA:168,1
DA:169,1
DA:170,1
DA:172,1
DA:173,1
DA:176,1
DA:177,1
DA:178,1
DA:179,1
DA:181,1
DA:182,1
DA:185,1
DA:186,1
DA:187,1
DA:188,1
DA:190,1
DA:191,1
DA:194,1
DA:195,1
DA:196,1
DA:197,1
DA:199,1
DA:200,1
DA:204,1
DA:205,1
DA:206,1
DA:207,1
DA:209,1
DA:210,1
DA:213,1
DA:214,1
DA:215,1
DA:216,1
DA:218,1
DA:219,1
DA:222,1
DA:223,1
DA:224,1
DA:225,1
DA:227,1
DA:228,1
DA:231,1
DA:232,1
DA:233,1
DA:234,1
DA:236,1
DA:237,1
DA:240,1
DA:241,1
DA:242,1
DA:243,1
DA:245,1
DA:246,1
DA:249,1
DA:250,1
DA:251,1
DA:252,1
DA:254,1
DA:255,1
DA:258,1
DA:259,1
DA:260,1
DA:261,1
DA:263,1
DA:264,1
DA:267,1
DA:268,1
DA:269,1
DA:270,1
DA:272,1
DA:273,1
DA:276,1
DA:277,1
DA:278,1
DA:279,1
DA:281,1
DA:282,1
DA:286,1
DA:287,1
DA:288,1
DA:289,1
DA:291,1
DA:292,1
DA:295,1
DA:296,1
DA:297,1
DA:298,1
DA:300,1
DA:301,1
DA:304,1
DA:305,1
DA:306,1
DA:307,1
DA:309,1
DA:310,1
DA:314,1
DA:315,1
DA:316,1
DA:317,1
DA:319,1
DA:320,1
DA:323,1
DA:324,1
DA:325,1
DA:326,1
DA:328,1
DA:329,1
DA:332,1
DA:333,1
DA:334,1
DA:335,1
DA:337,1
DA:338,1
DA:341,1
DA:342,1
DA:343,1
DA:344,1
DA:346,1
DA:347,1
DA:350,1
DA:351,1
DA:352,1
DA:353,1
DA:355,1
DA:356,1
DA:359,1
DA:360,1
DA:361,1
DA:362,1
DA:364,1
DA:365,1
DA:368,1
DA:369,1
DA:370,1
DA:371,1
DA:373,1
DA:374,1
DA:378,1
DA:379,1
DA:380,1
DA:381,1
DA:383,1
DA:384,1
DA:390,1
DA:391,1
DA:392,1
DA:393,1
DA:395,1
DA:396,1
DA:400,1
DA:401,1
DA:402,1
DA:403,1
DA:405,1
DA:406,1
DA:409,1
DA:410,1
DA:411,1
DA:412,1
DA:414,1
DA:415,1
DA:418,1
DA:419,1
DA:420,1
DA:421,1
DA:423,1
DA:424,1
DA:427,1
DA:428,1
DA:429,1
DA:430,1
DA:432,1
DA:433,1
DA:436,1
DA:437,1
DA:439,1
DA:441,1
DA:443,1
DA:444,1
DA:447,1
DA:448,1
DA:449,1
DA:451,1
DA:453,1
DA:454,1
DA:457,1
DA:458,1
DA:459,1
DA:461,1
DA:463,1
DA:464,1
DA:467,1
DA:468,1
DA:469,1
DA:471,1
DA:473,1
DA:474,1
DA:477,1
DA:478,1
DA:479,1
DA:480,1
DA:482,1
DA:483,1
DA:487,1
DA:488,1
DA:489,1
DA:490,1
DA:492,1
DA:493,1
DA:496,1
DA:497,1
DA:498,1
DA:499,1
DA:501,1
DA:502,1
DA:505,1
DA:506,1
DA:507,1
DA:508,1
DA:510,1
DA:511,1
DA:514,1
DA:515,1
DA:516,1
DA:517,1
DA:519,1
DA:520,1
DA:523,1
DA:524,1
DA:525,1
DA:526,1
DA:528,1
DA:529,1
DA:532,1
DA:533,1
DA:534,1
DA:535,1
DA:537,1
DA:538,1
DA:541,1
DA:542,1
DA:543,1
DA:544,1
DA:546,1
DA:547,1
DA:550,1
DA:551,1
DA:552,1
DA:553,1
DA:555,1
DA:556,1
DA:559,1
DA:560,1
DA:561,1
DA:562,1
DA:564,1
DA:565,1
DA:568,1
DA:569,1
DA:570,1
DA:571,1
DA:573,1
DA:574,1
DA:577,1
DA:578,1
DA:579,1
DA:580,1
DA:582,1
DA:583,1
DA:586,1
DA:587,1
DA:588,1
DA:589,1
DA:591,1
DA:592,1
DA:595,1
DA:596,1
DA:597,1
DA:598,1
DA:600,1
DA:601,1
DA:604,1
DA:605,1
DA:606,1
DA:607,1
DA:609,1
DA:610,1
DA:613,1
DA:614,1
DA:615,1
DA:616,1
DA:618,1
DA:619,1
LF:399
LH:399
BRF:0
BRH:0
end_of_record
TN:
SF:/Users/alessio/Documents/projects/Bridges/algo2.js
FN:32,c
FNF:1
FNH:1
FNDA:66,c
DA:32,1
DA:34,66
DA:35,66
DA:36,66
DA:37,66
DA:38,66
DA:41,66
DA:42,173
DA:43,173
DA:44,31
DA:46,27
DA:50,4
DA:51,4
DA:54,142
DA:55,61
DA:57,48
DA:58,48
DA:62,13
DA:63,13
DA:66,81
DA:68,19
DA:73,66
DA:74,190
DA:75,190
DA:76,59
DA:78,44
DA:81,15
DA:83,13
DA:87,2
DA:89,15
DA:93,131
DA:95,36
DA:96,2
DA:98,36
DA:99,36
DA:102,95
DA:104,29
DA:105,21
DA:108,8
DA:111,66
DA:113,39
DA:116,131
DA:119,66
DA:121,2
DA:124,66
DA:130,1
LF:46
LH:46
BRDA:43,1,0,31
BRDA:43,1,1,142
BRDA:43,2,0,173
BRDA:43,2,1,77
BRDA:44,3,0,27
BRDA:44,3,1,4
BRDA:54,4,0,61
BRDA:54,4,1,81
BRDA:54,5,0,142
BRDA:54,5,1,96
BRDA:55,6,0,48
BRDA:55,6,1,13
BRDA:66,7,0,19
BRDA:66,7,1,62
BRDA:75,8,0,59
BRDA:75,8,1,131
BRDA:76,9,0,44
BRDA:76,9,1,15
BRDA:81,10,0,13
BRDA:81,10,1,2
BRDA:93,11,0,36
BRDA:93,11,1,95
BRDA:95,12,0,2
BRDA:95,12,1,34
BRDA:102,13,0,29
BRDA:102,13,1,66
BRDA:104,14,0,21
BRDA:104,14,1,8
BRDA:111,15,0,39
BRDA:111,15,1,27
BRDA:119,16,0,2
BRDA:119,16,1,64
BRF:32
BRH:32
end_of_record
